2020-11-16 13:35:01,406 ERROR 4383 nodejs.ClusterClientNoResponseError: client no response in 1826372ms exceeding maxIdleTime 60000ms, maybe the connection is close on other side.
    at Timeout.Leader._heartbeatTimer.setInterval [as _onTimeout] (/Volumes/projects/restaurant-admin-service/node_modules/_cluster-client@3.0.1@cluster-client/lib/leader.js:77:23)
    at ontimeout (timers.js:436:11)
    at tryOnTimeout (timers.js:300:5)
    at listOnTimeout (timers.js:263:5)
    at Timer.processTimers (timers.js:223:10)
name: "ClusterClientNoResponseError"
pid: 4383
hostname: fanhongkaideMacBook-Pro.local

2020-11-16 19:22:20,458 ERROR 4383 nodejs.ClusterClientNoResponseError: client no response in 2850678ms exceeding maxIdleTime 60000ms, maybe the connection is close on other side.
    at Timeout.Leader._heartbeatTimer.setInterval [as _onTimeout] (/Volumes/projects/restaurant-admin-service/node_modules/_cluster-client@3.0.1@cluster-client/lib/leader.js:77:23)
    at ontimeout (timers.js:436:11)
    at tryOnTimeout (timers.js:300:5)
    at listOnTimeout (timers.js:263:5)
    at Timer.processTimers (timers.js:223:10)
name: "ClusterClientNoResponseError"
pid: 4383
hostname: fanhongkaideMacBook-Pro.local

2020-11-16 19:37:26,775 ERROR 4383 nodejs.ClusterClientNoResponseError: client no response in 886794ms exceeding maxIdleTime 60000ms, maybe the connection is close on other side.
    at Timeout.Leader._heartbeatTimer.setInterval [as _onTimeout] (/Volumes/projects/restaurant-admin-service/node_modules/_cluster-client@3.0.1@cluster-client/lib/leader.js:77:23)
    at ontimeout (timers.js:436:11)
    at tryOnTimeout (timers.js:300:5)
    at listOnTimeout (timers.js:263:5)
    at Timer.processTimers (timers.js:223:10)
name: "ClusterClientNoResponseError"
pid: 4383
hostname: fanhongkaideMacBook-Pro.local

2020-11-16 20:24:34,451 ERROR 4383 nodejs.ClusterClientNoResponseError: client no response in 2307618ms exceeding maxIdleTime 60000ms, maybe the connection is close on other side.
    at Timeout.Leader._heartbeatTimer.setInterval [as _onTimeout] (/Volumes/projects/restaurant-admin-service/node_modules/_cluster-client@3.0.1@cluster-client/lib/leader.js:77:23)
    at ontimeout (timers.js:436:11)
    at tryOnTimeout (timers.js:300:5)
    at listOnTimeout (timers.js:263:5)
    at Timer.processTimers (timers.js:223:10)
name: "ClusterClientNoResponseError"
pid: 4383
hostname: fanhongkaideMacBook-Pro.local

2020-11-16 20:28:40,565 ERROR 4383 nodejs.ClusterClientNoResponseError: client no response in 246111ms exceeding maxIdleTime 60000ms, maybe the connection is close on other side.
    at Timeout.Leader._heartbeatTimer.setInterval [as _onTimeout] (/Volumes/projects/restaurant-admin-service/node_modules/_cluster-client@3.0.1@cluster-client/lib/leader.js:77:23)
    at ontimeout (timers.js:436:11)
    at tryOnTimeout (timers.js:300:5)
    at listOnTimeout (timers.js:263:5)
    at Timer.processTimers (timers.js:223:10)
name: "ClusterClientNoResponseError"
pid: 4383
hostname: fanhongkaideMacBook-Pro.local

2020-11-16 20:39:18,118 ERROR 4383 nodejs.ClusterClientNoResponseError: client no response in 637546ms exceeding maxIdleTime 60000ms, maybe the connection is close on other side.
    at Timeout.Leader._heartbeatTimer.setInterval [as _onTimeout] (/Volumes/projects/restaurant-admin-service/node_modules/_cluster-client@3.0.1@cluster-client/lib/leader.js:77:23)
    at ontimeout (timers.js:436:11)
    at tryOnTimeout (timers.js:300:5)
    at listOnTimeout (timers.js:263:5)
    at Timer.processTimers (timers.js:223:10)
name: "ClusterClientNoResponseError"
pid: 4383
hostname: fanhongkaideMacBook-Pro.local

2020-11-16 20:54:31,459 ERROR 4383 nodejs.ClusterClientNoResponseError: client no response in 913335ms exceeding maxIdleTime 60000ms, maybe the connection is close on other side.
    at Timeout.Leader._heartbeatTimer.setInterval [as _onTimeout] (/Volumes/projects/restaurant-admin-service/node_modules/_cluster-client@3.0.1@cluster-client/lib/leader.js:77:23)
    at ontimeout (timers.js:436:11)
    at tryOnTimeout (timers.js:300:5)
    at listOnTimeout (timers.js:263:5)
    at Timer.processTimers (timers.js:223:10)
name: "ClusterClientNoResponseError"
pid: 4383
hostname: fanhongkaideMacBook-Pro.local

2020-11-16 22:02:04,032 ERROR 4383 nodejs.ClusterClientNoResponseError: client no response in 292061ms exceeding maxIdleTime 60000ms, maybe the connection is close on other side.
    at Timeout.Leader._heartbeatTimer.setInterval [as _onTimeout] (/Volumes/projects/restaurant-admin-service/node_modules/_cluster-client@3.0.1@cluster-client/lib/leader.js:77:23)
    at ontimeout (timers.js:436:11)
    at tryOnTimeout (timers.js:300:5)
    at listOnTimeout (timers.js:263:5)
    at Timer.processTimers (timers.js:223:10)
name: "ClusterClientNoResponseError"
pid: 4383
hostname: fanhongkaideMacBook-Pro.local

2020-11-18 13:44:03,725 ERROR 7088 nodejs.ClusterClientNoResponseError: client no response in 6507010ms exceeding maxIdleTime 60000ms, maybe the connection is close on other side.
    at Timeout.Leader._heartbeatTimer.setInterval [as _onTimeout] (D:\HongZe-studio\restaurant-admin-service\node_modules\_cluster-client@3.0.1@cluster-client\lib\leader.js:77:23)
    at ontimeout (timers.js:436:11)
    at tryOnTimeout (timers.js:300:5)
    at listOnTimeout (timers.js:263:5)
    at Timer.processTimers (timers.js:223:10)
name: "ClusterClientNoResponseError"
pid: 7088
hostname: LAPTOP-MG1SDB3P

2020-11-18 15:54:27,159 ERROR 13784 [-/127.0.0.1/-/1ms GET /user/getAgreement] nodejs.TypeError: ctx.service.operate.queryuserAgreement is not a function
    at UserController.queryuserAgreement (D:\HongZe-studio\restaurant-admin-service\app\controller\user.js:22:46)
    at Object.callFn (D:\HongZe-studio\restaurant-admin-service\node_modules\_egg-core@4.20.0@egg-core\lib\utils\index.js:44:21)
    at Object.classControllerMiddleware (D:\HongZe-studio\restaurant-admin-service\node_modules\_egg-core@4.20.0@egg-core\lib\loader\mixin\controller.js:87:20)
    at Object.callFn (D:\HongZe-studio\restaurant-admin-service\node_modules\_@eggjs_router@2.0.0@@eggjs\router\lib\utils.js:12:21)
    at wrappedController (D:\HongZe-studio\restaurant-admin-service\node_modules\_@eggjs_router@2.0.0@@eggjs\router\lib\egg_router.js:322:18)
    at dispatch (D:\HongZe-studio\restaurant-admin-service\node_modules\_koa-compose@3.2.1@koa-compose\index.js:44:32)
    at next (D:\HongZe-studio\restaurant-admin-service\node_modules\_koa-compose@3.2.1@koa-compose\index.js:45:18)
    at D:\HongZe-studio\restaurant-admin-service\node_modules\_@eggjs_router@2.0.0@@eggjs\router\lib\router.js:190:18
    at dispatch (D:\HongZe-studio\restaurant-admin-service\node_modules\_koa-compose@3.2.1@koa-compose\index.js:44:32)
    at D:\HongZe-studio\restaurant-admin-service\node_modules\_koa-compose@3.2.1@koa-compose\index.js:36:12

pid: 13784
hostname: LAPTOP-MG1SDB3P

2020-11-18 17:08:54,381 ERROR 15264 nodejs.unhandledExceptionError: read ECONNRESET
    at TCP.onStreamRead (internal/stream_base_commons.js:111:27)
errno: "ECONNRESET"
code: "ECONNRESET"
syscall: "read"
name: "unhandledExceptionError"
pid: 15264
hostname: LAPTOP-MG1SDB3P

2020-11-18 18:07:49,849 ERROR 15744 [-/127.0.0.1/-/28ms POST /api/setAgreement] nodejs.TypeError: Cannot destructure property `code` of 'undefined' or 'null'.
    at cb (D:\HongZe-studio\restaurant-admin-service\app\utils\index.js:5:65)
    at CommonController.updateuserAgreement (D:\HongZe-studio\restaurant-admin-service\app\controller\common.js:27:24)
    at process._tickCallback (internal/process/next_tick.js:68:7)

pid: 15744
hostname: LAPTOP-MG1SDB3P

2020-11-18 18:09:40,743 ERROR 15744 [-/127.0.0.1/-/14ms POST /api/setAgreement] nodejs.TypeError: Cannot destructure property `code` of 'undefined' or 'null'.
    at cb (D:\HongZe-studio\restaurant-admin-service\app\utils\index.js:5:65)
    at CommonController.updateuserAgreement (D:\HongZe-studio\restaurant-admin-service\app\controller\common.js:27:24)
    at process._tickCallback (internal/process/next_tick.js:68:7)

pid: 15744
hostname: LAPTOP-MG1SDB3P

2020-11-18 18:09:55,062 ERROR 15264 nodejs.unhandledExceptionError: read ECONNRESET
    at TCP.onStreamRead (internal/stream_base_commons.js:111:27)
errno: "ECONNRESET"
code: "ECONNRESET"
syscall: "read"
name: "unhandledExceptionError"
pid: 15264
hostname: LAPTOP-MG1SDB3P

