2020-11-11 11:12:24,261 INFO 2839 [Timer] /Volumes/projects/restaurant-admin-service/node_modules/egg-multipart/app/schedule/clean_tmpdir.js next time will execute after 62255741ms at 2020-11-12 04:30:00.002
2020-11-11 11:12:24,262 INFO 2839 [Timer] /Volumes/projects/restaurant-admin-service/node_modules/egg-logrotator/app/schedule/clean_log.js next time will execute after 46055739ms at 2020-11-12 00:00:00.001
2020-11-11 11:12:24,262 INFO 2839 [Timer] /Volumes/projects/restaurant-admin-service/node_modules/egg-logrotator/app/schedule/rotate_by_file.js next time will execute after 46056738ms at 2020-11-12 00:00:01.000
2020-11-11 11:12:24,186 INFO 2843 [egg-schedule]: register schedule /Volumes/projects/restaurant-admin-service/node_modules/egg-multipart/app/schedule/clean_tmpdir.js
2020-11-11 11:12:24,186 INFO 2843 [egg-schedule]: register schedule /Volumes/projects/restaurant-admin-service/node_modules/egg-logrotator/app/schedule/clean_log.js
2020-11-11 11:12:24,186 INFO 2843 [egg-schedule]: register schedule /Volumes/projects/restaurant-admin-service/node_modules/egg-logrotator/app/schedule/rotate_by_file.js
2020-11-11 11:12:49,802 INFO 2844 [egg-schedule]: register schedule /Volumes/projects/restaurant-admin-service/node_modules/egg-multipart/app/schedule/clean_tmpdir.js
2020-11-11 11:12:49,802 INFO 2844 [egg-schedule]: register schedule /Volumes/projects/restaurant-admin-service/node_modules/egg-logrotator/app/schedule/clean_log.js
2020-11-11 11:12:49,802 INFO 2844 [egg-schedule]: register schedule /Volumes/projects/restaurant-admin-service/node_modules/egg-logrotator/app/schedule/rotate_by_file.js
2020-11-11 11:17:41,378 INFO 2856 [Timer] /Volumes/projects/restaurant-admin-service/node_modules/egg-multipart/app/schedule/clean_tmpdir.js next time will execute after 61938624ms at 2020-11-12 04:30:00.002
2020-11-11 11:17:41,378 INFO 2856 [Timer] /Volumes/projects/restaurant-admin-service/node_modules/egg-logrotator/app/schedule/clean_log.js next time will execute after 45738622ms at 2020-11-12 00:00:00.000
2020-11-11 11:17:41,378 INFO 2856 [Timer] /Volumes/projects/restaurant-admin-service/node_modules/egg-logrotator/app/schedule/rotate_by_file.js next time will execute after 45739622ms at 2020-11-12 00:00:01.000
2020-11-11 11:17:41,304 INFO 2860 [egg-schedule]: register schedule /Volumes/projects/restaurant-admin-service/node_modules/egg-multipart/app/schedule/clean_tmpdir.js
2020-11-11 11:17:41,304 INFO 2860 [egg-schedule]: register schedule /Volumes/projects/restaurant-admin-service/node_modules/egg-logrotator/app/schedule/clean_log.js
2020-11-11 11:17:41,304 INFO 2860 [egg-schedule]: register schedule /Volumes/projects/restaurant-admin-service/node_modules/egg-logrotator/app/schedule/rotate_by_file.js
2020-11-11 14:29:19,239 INFO 3437 [Timer] /Volumes/projects/restaurant-admin-service/node_modules/egg-multipart/app/schedule/clean_tmpdir.js next time will execute after 50440763ms at 2020-11-12 04:30:00.002
2020-11-11 14:29:19,239 INFO 3437 [Timer] /Volumes/projects/restaurant-admin-service/node_modules/egg-logrotator/app/schedule/clean_log.js next time will execute after 34240761ms at 2020-11-12 00:00:00.000
2020-11-11 14:29:19,239 INFO 3437 [Timer] /Volumes/projects/restaurant-admin-service/node_modules/egg-logrotator/app/schedule/rotate_by_file.js next time will execute after 34241761ms at 2020-11-12 00:00:01.000
2020-11-11 14:29:19,150 INFO 3438 [egg-schedule]: register schedule /Volumes/projects/restaurant-admin-service/node_modules/egg-multipart/app/schedule/clean_tmpdir.js
2020-11-11 14:29:19,150 INFO 3438 [egg-schedule]: register schedule /Volumes/projects/restaurant-admin-service/node_modules/egg-logrotator/app/schedule/clean_log.js
2020-11-11 14:29:19,150 INFO 3438 [egg-schedule]: register schedule /Volumes/projects/restaurant-admin-service/node_modules/egg-logrotator/app/schedule/rotate_by_file.js
2020-11-11 14:31:37,074 INFO 3443 [egg-schedule]: register schedule /Volumes/projects/restaurant-admin-service/node_modules/egg-multipart/app/schedule/clean_tmpdir.js
2020-11-11 14:31:37,074 INFO 3443 [egg-schedule]: register schedule /Volumes/projects/restaurant-admin-service/node_modules/egg-logrotator/app/schedule/clean_log.js
2020-11-11 14:31:37,075 INFO 3443 [egg-schedule]: register schedule /Volumes/projects/restaurant-admin-service/node_modules/egg-logrotator/app/schedule/rotate_by_file.js
2020-11-11 14:35:42,157 INFO 3457 [egg-schedule]: register schedule /Volumes/projects/restaurant-admin-service/node_modules/egg-multipart/app/schedule/clean_tmpdir.js
2020-11-11 14:35:42,157 INFO 3457 [egg-schedule]: register schedule /Volumes/projects/restaurant-admin-service/node_modules/egg-logrotator/app/schedule/clean_log.js
2020-11-11 14:35:42,157 INFO 3457 [egg-schedule]: register schedule /Volumes/projects/restaurant-admin-service/node_modules/egg-logrotator/app/schedule/rotate_by_file.js
2020-11-11 14:36:24,613 INFO 3458 [egg-schedule]: register schedule /Volumes/projects/restaurant-admin-service/node_modules/egg-multipart/app/schedule/clean_tmpdir.js
2020-11-11 14:36:24,613 INFO 3458 [egg-schedule]: register schedule /Volumes/projects/restaurant-admin-service/node_modules/egg-logrotator/app/schedule/clean_log.js
2020-11-11 14:36:24,613 INFO 3458 [egg-schedule]: register schedule /Volumes/projects/restaurant-admin-service/node_modules/egg-logrotator/app/schedule/rotate_by_file.js
2020-11-11 14:36:53,682 INFO 3462 [egg-schedule]: register schedule /Volumes/projects/restaurant-admin-service/node_modules/egg-multipart/app/schedule/clean_tmpdir.js
2020-11-11 14:36:53,682 INFO 3462 [egg-schedule]: register schedule /Volumes/projects/restaurant-admin-service/node_modules/egg-logrotator/app/schedule/clean_log.js
2020-11-11 14:36:53,682 INFO 3462 [egg-schedule]: register schedule /Volumes/projects/restaurant-admin-service/node_modules/egg-logrotator/app/schedule/rotate_by_file.js
2020-11-11 14:37:03,267 INFO 3464 [egg-schedule]: register schedule /Volumes/projects/restaurant-admin-service/node_modules/egg-multipart/app/schedule/clean_tmpdir.js
2020-11-11 14:37:03,267 INFO 3464 [egg-schedule]: register schedule /Volumes/projects/restaurant-admin-service/node_modules/egg-logrotator/app/schedule/clean_log.js
2020-11-11 14:37:03,267 INFO 3464 [egg-schedule]: register schedule /Volumes/projects/restaurant-admin-service/node_modules/egg-logrotator/app/schedule/rotate_by_file.js
2020-11-11 14:37:12,184 INFO 3466 [egg-schedule]: register schedule /Volumes/projects/restaurant-admin-service/node_modules/egg-multipart/app/schedule/clean_tmpdir.js
2020-11-11 14:37:12,184 INFO 3466 [egg-schedule]: register schedule /Volumes/projects/restaurant-admin-service/node_modules/egg-logrotator/app/schedule/clean_log.js
2020-11-11 14:37:12,184 INFO 3466 [egg-schedule]: register schedule /Volumes/projects/restaurant-admin-service/node_modules/egg-logrotator/app/schedule/rotate_by_file.js
2020-11-11 14:37:50,908 INFO 3467 [egg-schedule]: register schedule /Volumes/projects/restaurant-admin-service/node_modules/egg-multipart/app/schedule/clean_tmpdir.js
2020-11-11 14:37:50,908 INFO 3467 [egg-schedule]: register schedule /Volumes/projects/restaurant-admin-service/node_modules/egg-logrotator/app/schedule/clean_log.js
2020-11-11 14:37:50,908 INFO 3467 [egg-schedule]: register schedule /Volumes/projects/restaurant-admin-service/node_modules/egg-logrotator/app/schedule/rotate_by_file.js
2020-11-11 14:37:56,276 INFO 3468 [egg-schedule]: register schedule /Volumes/projects/restaurant-admin-service/node_modules/egg-multipart/app/schedule/clean_tmpdir.js
2020-11-11 14:37:56,276 INFO 3468 [egg-schedule]: register schedule /Volumes/projects/restaurant-admin-service/node_modules/egg-logrotator/app/schedule/clean_log.js
2020-11-11 14:37:56,276 INFO 3468 [egg-schedule]: register schedule /Volumes/projects/restaurant-admin-service/node_modules/egg-logrotator/app/schedule/rotate_by_file.js
2020-11-11 14:39:53,025 INFO 3474 [egg-schedule]: register schedule /Volumes/projects/restaurant-admin-service/node_modules/egg-multipart/app/schedule/clean_tmpdir.js
2020-11-11 14:39:53,025 INFO 3474 [egg-schedule]: register schedule /Volumes/projects/restaurant-admin-service/node_modules/egg-logrotator/app/schedule/clean_log.js
2020-11-11 14:39:53,025 INFO 3474 [egg-schedule]: register schedule /Volumes/projects/restaurant-admin-service/node_modules/egg-logrotator/app/schedule/rotate_by_file.js
2020-11-11 14:40:18,590 INFO 3480 [Timer] /Volumes/projects/restaurant-admin-service/node_modules/egg-multipart/app/schedule/clean_tmpdir.js next time will execute after 49781413ms at 2020-11-12 04:30:00.003
2020-11-11 14:40:18,590 INFO 3480 [Timer] /Volumes/projects/restaurant-admin-service/node_modules/egg-logrotator/app/schedule/clean_log.js next time will execute after 33581410ms at 2020-11-12 00:00:00.000
2020-11-11 14:40:18,590 INFO 3480 [Timer] /Volumes/projects/restaurant-admin-service/node_modules/egg-logrotator/app/schedule/rotate_by_file.js next time will execute after 33582410ms at 2020-11-12 00:00:01.000
2020-11-11 14:40:18,511 INFO 3481 [egg-schedule]: register schedule /Volumes/projects/restaurant-admin-service/node_modules/egg-multipart/app/schedule/clean_tmpdir.js
2020-11-11 14:40:18,511 INFO 3481 [egg-schedule]: register schedule /Volumes/projects/restaurant-admin-service/node_modules/egg-logrotator/app/schedule/clean_log.js
2020-11-11 14:40:18,511 INFO 3481 [egg-schedule]: register schedule /Volumes/projects/restaurant-admin-service/node_modules/egg-logrotator/app/schedule/rotate_by_file.js
2020-11-11 14:41:00,622 INFO 3485 [egg-schedule]: register schedule /Volumes/projects/restaurant-admin-service/node_modules/egg-multipart/app/schedule/clean_tmpdir.js
2020-11-11 14:41:00,622 INFO 3485 [egg-schedule]: register schedule /Volumes/projects/restaurant-admin-service/node_modules/egg-logrotator/app/schedule/clean_log.js
2020-11-11 14:41:00,622 INFO 3485 [egg-schedule]: register schedule /Volumes/projects/restaurant-admin-service/node_modules/egg-logrotator/app/schedule/rotate_by_file.js
2020-11-11 14:41:02,204 INFO 3486 [egg-schedule]: register schedule /Volumes/projects/restaurant-admin-service/node_modules/egg-multipart/app/schedule/clean_tmpdir.js
2020-11-11 14:41:02,204 INFO 3486 [egg-schedule]: register schedule /Volumes/projects/restaurant-admin-service/node_modules/egg-logrotator/app/schedule/clean_log.js
2020-11-11 14:41:02,204 INFO 3486 [egg-schedule]: register schedule /Volumes/projects/restaurant-admin-service/node_modules/egg-logrotator/app/schedule/rotate_by_file.js
2020-11-11 14:41:06,343 INFO 3487 [egg-schedule]: register schedule /Volumes/projects/restaurant-admin-service/node_modules/egg-multipart/app/schedule/clean_tmpdir.js
2020-11-11 14:41:06,343 INFO 3487 [egg-schedule]: register schedule /Volumes/projects/restaurant-admin-service/node_modules/egg-logrotator/app/schedule/clean_log.js
2020-11-11 14:41:06,343 INFO 3487 [egg-schedule]: register schedule /Volumes/projects/restaurant-admin-service/node_modules/egg-logrotator/app/schedule/rotate_by_file.js
2020-11-11 14:51:45,653 INFO 3543 [egg-schedule]: register schedule /Volumes/projects/restaurant-admin-service/node_modules/egg-multipart/app/schedule/clean_tmpdir.js
2020-11-11 14:51:45,653 INFO 3543 [egg-schedule]: register schedule /Volumes/projects/restaurant-admin-service/node_modules/egg-logrotator/app/schedule/clean_log.js
2020-11-11 14:51:45,653 INFO 3543 [egg-schedule]: register schedule /Volumes/projects/restaurant-admin-service/node_modules/egg-logrotator/app/schedule/rotate_by_file.js
2020-11-11 15:02:06,670 INFO 3588 [egg-schedule]: register schedule /Volumes/projects/restaurant-admin-service/node_modules/egg-multipart/app/schedule/clean_tmpdir.js
2020-11-11 15:02:06,670 INFO 3588 [egg-schedule]: register schedule /Volumes/projects/restaurant-admin-service/node_modules/egg-logrotator/app/schedule/clean_log.js
2020-11-11 15:02:06,670 INFO 3588 [egg-schedule]: register schedule /Volumes/projects/restaurant-admin-service/node_modules/egg-logrotator/app/schedule/rotate_by_file.js
2020-11-11 15:16:20,340 INFO 3639 [Timer] /Volumes/projects/restaurant-admin-service/node_modules/egg-multipart/app/schedule/clean_tmpdir.js next time will execute after 47619662ms at 2020-11-12 04:30:00.002
2020-11-11 15:16:20,340 INFO 3639 [Timer] /Volumes/projects/restaurant-admin-service/node_modules/egg-logrotator/app/schedule/clean_log.js next time will execute after 31419660ms at 2020-11-12 00:00:00.000
2020-11-11 15:16:20,340 INFO 3639 [Timer] /Volumes/projects/restaurant-admin-service/node_modules/egg-logrotator/app/schedule/rotate_by_file.js next time will execute after 31420660ms at 2020-11-12 00:00:01.000
2020-11-11 15:16:20,264 INFO 3640 [egg-schedule]: register schedule /Volumes/projects/restaurant-admin-service/node_modules/egg-multipart/app/schedule/clean_tmpdir.js
2020-11-11 15:16:20,264 INFO 3640 [egg-schedule]: register schedule /Volumes/projects/restaurant-admin-service/node_modules/egg-logrotator/app/schedule/clean_log.js
2020-11-11 15:16:20,264 INFO 3640 [egg-schedule]: register schedule /Volumes/projects/restaurant-admin-service/node_modules/egg-logrotator/app/schedule/rotate_by_file.js
2020-11-11 15:22:44,562 INFO 3669 [egg-schedule]: register schedule /Volumes/projects/restaurant-admin-service/node_modules/egg-multipart/app/schedule/clean_tmpdir.js
2020-11-11 15:22:44,562 INFO 3669 [egg-schedule]: register schedule /Volumes/projects/restaurant-admin-service/node_modules/egg-logrotator/app/schedule/clean_log.js
2020-11-11 15:22:44,562 INFO 3669 [egg-schedule]: register schedule /Volumes/projects/restaurant-admin-service/node_modules/egg-logrotator/app/schedule/rotate_by_file.js
2020-11-11 15:23:16,737 INFO 3670 [egg-schedule]: register schedule /Volumes/projects/restaurant-admin-service/node_modules/egg-multipart/app/schedule/clean_tmpdir.js
2020-11-11 15:23:16,737 INFO 3670 [egg-schedule]: register schedule /Volumes/projects/restaurant-admin-service/node_modules/egg-logrotator/app/schedule/clean_log.js
2020-11-11 15:23:16,737 INFO 3670 [egg-schedule]: register schedule /Volumes/projects/restaurant-admin-service/node_modules/egg-logrotator/app/schedule/rotate_by_file.js
2020-11-11 15:23:17,428 INFO 3671 [egg-schedule]: register schedule /Volumes/projects/restaurant-admin-service/node_modules/egg-multipart/app/schedule/clean_tmpdir.js
2020-11-11 15:23:17,428 INFO 3671 [egg-schedule]: register schedule /Volumes/projects/restaurant-admin-service/node_modules/egg-logrotator/app/schedule/clean_log.js
2020-11-11 15:23:17,428 INFO 3671 [egg-schedule]: register schedule /Volumes/projects/restaurant-admin-service/node_modules/egg-logrotator/app/schedule/rotate_by_file.js
2020-11-11 15:23:47,928 INFO 3676 [egg-schedule]: register schedule /Volumes/projects/restaurant-admin-service/node_modules/egg-multipart/app/schedule/clean_tmpdir.js
2020-11-11 15:23:47,928 INFO 3676 [egg-schedule]: register schedule /Volumes/projects/restaurant-admin-service/node_modules/egg-logrotator/app/schedule/clean_log.js
2020-11-11 15:23:47,928 INFO 3676 [egg-schedule]: register schedule /Volumes/projects/restaurant-admin-service/node_modules/egg-logrotator/app/schedule/rotate_by_file.js
2020-11-11 15:23:59,476 INFO 3677 [egg-schedule]: register schedule /Volumes/projects/restaurant-admin-service/node_modules/egg-multipart/app/schedule/clean_tmpdir.js
2020-11-11 15:23:59,477 INFO 3677 [egg-schedule]: register schedule /Volumes/projects/restaurant-admin-service/node_modules/egg-logrotator/app/schedule/clean_log.js
2020-11-11 15:23:59,477 INFO 3677 [egg-schedule]: register schedule /Volumes/projects/restaurant-admin-service/node_modules/egg-logrotator/app/schedule/rotate_by_file.js
2020-11-11 15:24:35,069 INFO 3682 [egg-schedule]: register schedule /Volumes/projects/restaurant-admin-service/node_modules/egg-multipart/app/schedule/clean_tmpdir.js
2020-11-11 15:24:35,069 INFO 3682 [egg-schedule]: register schedule /Volumes/projects/restaurant-admin-service/node_modules/egg-logrotator/app/schedule/clean_log.js
2020-11-11 15:24:35,069 INFO 3682 [egg-schedule]: register schedule /Volumes/projects/restaurant-admin-service/node_modules/egg-logrotator/app/schedule/rotate_by_file.js
2020-11-11 15:26:23,661 INFO 3718 [Timer] /Volumes/projects/restaurant-admin-service/node_modules/egg-multipart/app/schedule/clean_tmpdir.js next time will execute after 47016340ms at 2020-11-12 04:30:00.001
2020-11-11 15:26:23,662 INFO 3718 [Timer] /Volumes/projects/restaurant-admin-service/node_modules/egg-logrotator/app/schedule/clean_log.js next time will execute after 30816339ms at 2020-11-12 00:00:00.001
2020-11-11 15:26:23,662 INFO 3718 [Timer] /Volumes/projects/restaurant-admin-service/node_modules/egg-logrotator/app/schedule/rotate_by_file.js next time will execute after 30817338ms at 2020-11-12 00:00:01.000
2020-11-11 15:26:23,572 INFO 3719 [egg-schedule]: register schedule /Volumes/projects/restaurant-admin-service/node_modules/egg-multipart/app/schedule/clean_tmpdir.js
2020-11-11 15:26:23,572 INFO 3719 [egg-schedule]: register schedule /Volumes/projects/restaurant-admin-service/node_modules/egg-logrotator/app/schedule/clean_log.js
2020-11-11 15:26:23,572 INFO 3719 [egg-schedule]: register schedule /Volumes/projects/restaurant-admin-service/node_modules/egg-logrotator/app/schedule/rotate_by_file.js
2020-11-11 15:40:00,581 INFO 3834 [Timer] /Volumes/projects/restaurant-admin-service/node_modules/egg-multipart/app/schedule/clean_tmpdir.js next time will execute after 46199421ms at 2020-11-12 04:30:00.002
2020-11-11 15:40:00,582 INFO 3834 [Timer] /Volumes/projects/restaurant-admin-service/node_modules/egg-logrotator/app/schedule/clean_log.js next time will execute after 29999419ms at 2020-11-12 00:00:00.001
2020-11-11 15:40:00,582 INFO 3834 [Timer] /Volumes/projects/restaurant-admin-service/node_modules/egg-logrotator/app/schedule/rotate_by_file.js next time will execute after 30000418ms at 2020-11-12 00:00:01.000
2020-11-11 15:40:00,502 INFO 3835 [egg-schedule]: register schedule /Volumes/projects/restaurant-admin-service/node_modules/egg-multipart/app/schedule/clean_tmpdir.js
2020-11-11 15:40:00,502 INFO 3835 [egg-schedule]: register schedule /Volumes/projects/restaurant-admin-service/node_modules/egg-logrotator/app/schedule/clean_log.js
2020-11-11 15:40:00,502 INFO 3835 [egg-schedule]: register schedule /Volumes/projects/restaurant-admin-service/node_modules/egg-logrotator/app/schedule/rotate_by_file.js
2020-11-11 15:43:10,394 INFO 3862 [Timer] /Volumes/projects/restaurant-admin-service/node_modules/egg-multipart/app/schedule/clean_tmpdir.js next time will execute after 46009608ms at 2020-11-12 04:30:00.002
2020-11-11 15:43:10,394 INFO 3862 [Timer] /Volumes/projects/restaurant-admin-service/node_modules/egg-logrotator/app/schedule/clean_log.js next time will execute after 29809606ms at 2020-11-12 00:00:00.000
2020-11-11 15:43:10,394 INFO 3862 [Timer] /Volumes/projects/restaurant-admin-service/node_modules/egg-logrotator/app/schedule/rotate_by_file.js next time will execute after 29810606ms at 2020-11-12 00:00:01.000
2020-11-11 15:43:10,277 INFO 3866 [egg-schedule]: register schedule /Volumes/projects/restaurant-admin-service/node_modules/egg-multipart/app/schedule/clean_tmpdir.js
2020-11-11 15:43:10,277 INFO 3866 [egg-schedule]: register schedule /Volumes/projects/restaurant-admin-service/node_modules/egg-logrotator/app/schedule/clean_log.js
2020-11-11 15:43:10,277 INFO 3866 [egg-schedule]: register schedule /Volumes/projects/restaurant-admin-service/node_modules/egg-logrotator/app/schedule/rotate_by_file.js
2020-11-11 15:43:34,960 INFO 3868 [egg-schedule]: register schedule /Volumes/projects/restaurant-admin-service/node_modules/egg-multipart/app/schedule/clean_tmpdir.js
2020-11-11 15:43:34,960 INFO 3868 [egg-schedule]: register schedule /Volumes/projects/restaurant-admin-service/node_modules/egg-logrotator/app/schedule/clean_log.js
2020-11-11 15:43:34,960 INFO 3868 [egg-schedule]: register schedule /Volumes/projects/restaurant-admin-service/node_modules/egg-logrotator/app/schedule/rotate_by_file.js
2020-11-11 15:43:44,707 INFO 3869 [egg-schedule]: register schedule /Volumes/projects/restaurant-admin-service/node_modules/egg-multipart/app/schedule/clean_tmpdir.js
2020-11-11 15:43:44,707 INFO 3869 [egg-schedule]: register schedule /Volumes/projects/restaurant-admin-service/node_modules/egg-logrotator/app/schedule/clean_log.js
2020-11-11 15:43:44,707 INFO 3869 [egg-schedule]: register schedule /Volumes/projects/restaurant-admin-service/node_modules/egg-logrotator/app/schedule/rotate_by_file.js
2020-11-11 15:43:53,331 INFO 3870 [egg-schedule]: register schedule /Volumes/projects/restaurant-admin-service/node_modules/egg-multipart/app/schedule/clean_tmpdir.js
2020-11-11 15:43:53,331 INFO 3870 [egg-schedule]: register schedule /Volumes/projects/restaurant-admin-service/node_modules/egg-logrotator/app/schedule/clean_log.js
2020-11-11 15:43:53,331 INFO 3870 [egg-schedule]: register schedule /Volumes/projects/restaurant-admin-service/node_modules/egg-logrotator/app/schedule/rotate_by_file.js
2020-11-11 16:08:42,848 INFO 3993 [egg-schedule]: register schedule /Volumes/projects/restaurant-admin-service/node_modules/egg-multipart/app/schedule/clean_tmpdir.js
2020-11-11 16:08:42,848 INFO 3993 [egg-schedule]: register schedule /Volumes/projects/restaurant-admin-service/node_modules/egg-logrotator/app/schedule/clean_log.js
2020-11-11 16:08:42,848 INFO 3993 [egg-schedule]: register schedule /Volumes/projects/restaurant-admin-service/node_modules/egg-logrotator/app/schedule/rotate_by_file.js
2020-11-11 16:08:48,582 INFO 3998 [egg-schedule]: register schedule /Volumes/projects/restaurant-admin-service/node_modules/egg-multipart/app/schedule/clean_tmpdir.js
2020-11-11 16:08:48,582 INFO 3998 [egg-schedule]: register schedule /Volumes/projects/restaurant-admin-service/node_modules/egg-logrotator/app/schedule/clean_log.js
2020-11-11 16:08:48,582 INFO 3998 [egg-schedule]: register schedule /Volumes/projects/restaurant-admin-service/node_modules/egg-logrotator/app/schedule/rotate_by_file.js
2020-11-11 16:09:43,975 INFO 4000 [egg-schedule]: register schedule /Volumes/projects/restaurant-admin-service/node_modules/egg-multipart/app/schedule/clean_tmpdir.js
2020-11-11 16:09:43,975 INFO 4000 [egg-schedule]: register schedule /Volumes/projects/restaurant-admin-service/node_modules/egg-logrotator/app/schedule/clean_log.js
2020-11-11 16:09:43,975 INFO 4000 [egg-schedule]: register schedule /Volumes/projects/restaurant-admin-service/node_modules/egg-logrotator/app/schedule/rotate_by_file.js
2020-11-11 16:10:11,572 INFO 4001 [egg-schedule]: register schedule /Volumes/projects/restaurant-admin-service/node_modules/egg-multipart/app/schedule/clean_tmpdir.js
2020-11-11 16:10:11,572 INFO 4001 [egg-schedule]: register schedule /Volumes/projects/restaurant-admin-service/node_modules/egg-logrotator/app/schedule/clean_log.js
2020-11-11 16:10:11,572 INFO 4001 [egg-schedule]: register schedule /Volumes/projects/restaurant-admin-service/node_modules/egg-logrotator/app/schedule/rotate_by_file.js
2020-11-11 16:13:11,567 INFO 4010 [egg-schedule]: register schedule /Volumes/projects/restaurant-admin-service/node_modules/egg-multipart/app/schedule/clean_tmpdir.js
2020-11-11 16:13:11,567 INFO 4010 [egg-schedule]: register schedule /Volumes/projects/restaurant-admin-service/node_modules/egg-logrotator/app/schedule/clean_log.js
2020-11-11 16:13:11,567 INFO 4010 [egg-schedule]: register schedule /Volumes/projects/restaurant-admin-service/node_modules/egg-logrotator/app/schedule/rotate_by_file.js
2020-11-11 16:14:44,962 INFO 4011 [egg-schedule]: register schedule /Volumes/projects/restaurant-admin-service/node_modules/egg-multipart/app/schedule/clean_tmpdir.js
2020-11-11 16:14:44,962 INFO 4011 [egg-schedule]: register schedule /Volumes/projects/restaurant-admin-service/node_modules/egg-logrotator/app/schedule/clean_log.js
2020-11-11 16:14:44,962 INFO 4011 [egg-schedule]: register schedule /Volumes/projects/restaurant-admin-service/node_modules/egg-logrotator/app/schedule/rotate_by_file.js
2020-11-11 16:15:00,162 INFO 4012 [egg-schedule]: register schedule /Volumes/projects/restaurant-admin-service/node_modules/egg-multipart/app/schedule/clean_tmpdir.js
2020-11-11 16:15:00,162 INFO 4012 [egg-schedule]: register schedule /Volumes/projects/restaurant-admin-service/node_modules/egg-logrotator/app/schedule/clean_log.js
2020-11-11 16:15:00,162 INFO 4012 [egg-schedule]: register schedule /Volumes/projects/restaurant-admin-service/node_modules/egg-logrotator/app/schedule/rotate_by_file.js
2020-11-11 16:16:07,998 INFO 4016 [egg-schedule]: register schedule /Volumes/projects/restaurant-admin-service/node_modules/egg-multipart/app/schedule/clean_tmpdir.js
2020-11-11 16:16:07,998 INFO 4016 [egg-schedule]: register schedule /Volumes/projects/restaurant-admin-service/node_modules/egg-logrotator/app/schedule/clean_log.js
2020-11-11 16:16:07,998 INFO 4016 [egg-schedule]: register schedule /Volumes/projects/restaurant-admin-service/node_modules/egg-logrotator/app/schedule/rotate_by_file.js
2020-11-11 16:16:17,847 INFO 4017 [egg-schedule]: register schedule /Volumes/projects/restaurant-admin-service/node_modules/egg-multipart/app/schedule/clean_tmpdir.js
2020-11-11 16:16:17,847 INFO 4017 [egg-schedule]: register schedule /Volumes/projects/restaurant-admin-service/node_modules/egg-logrotator/app/schedule/clean_log.js
2020-11-11 16:16:17,847 INFO 4017 [egg-schedule]: register schedule /Volumes/projects/restaurant-admin-service/node_modules/egg-logrotator/app/schedule/rotate_by_file.js
2020-11-11 16:21:32,218 INFO 4039 [egg-schedule]: register schedule /Volumes/projects/restaurant-admin-service/node_modules/egg-multipart/app/schedule/clean_tmpdir.js
2020-11-11 16:21:32,218 INFO 4039 [egg-schedule]: register schedule /Volumes/projects/restaurant-admin-service/node_modules/egg-logrotator/app/schedule/clean_log.js
2020-11-11 16:21:32,218 INFO 4039 [egg-schedule]: register schedule /Volumes/projects/restaurant-admin-service/node_modules/egg-logrotator/app/schedule/rotate_by_file.js
2020-11-11 16:22:12,830 INFO 4046 [egg-schedule]: register schedule /Volumes/projects/restaurant-admin-service/node_modules/egg-multipart/app/schedule/clean_tmpdir.js
2020-11-11 16:22:12,830 INFO 4046 [egg-schedule]: register schedule /Volumes/projects/restaurant-admin-service/node_modules/egg-logrotator/app/schedule/clean_log.js
2020-11-11 16:22:12,830 INFO 4046 [egg-schedule]: register schedule /Volumes/projects/restaurant-admin-service/node_modules/egg-logrotator/app/schedule/rotate_by_file.js
2020-11-11 16:22:27,203 INFO 4049 [egg-schedule]: register schedule /Volumes/projects/restaurant-admin-service/node_modules/egg-multipart/app/schedule/clean_tmpdir.js
2020-11-11 16:22:27,203 INFO 4049 [egg-schedule]: register schedule /Volumes/projects/restaurant-admin-service/node_modules/egg-logrotator/app/schedule/clean_log.js
2020-11-11 16:22:27,203 INFO 4049 [egg-schedule]: register schedule /Volumes/projects/restaurant-admin-service/node_modules/egg-logrotator/app/schedule/rotate_by_file.js
2020-11-11 16:22:50,004 INFO 4050 [egg-schedule]: register schedule /Volumes/projects/restaurant-admin-service/node_modules/egg-multipart/app/schedule/clean_tmpdir.js
2020-11-11 16:22:50,004 INFO 4050 [egg-schedule]: register schedule /Volumes/projects/restaurant-admin-service/node_modules/egg-logrotator/app/schedule/clean_log.js
2020-11-11 16:22:50,004 INFO 4050 [egg-schedule]: register schedule /Volumes/projects/restaurant-admin-service/node_modules/egg-logrotator/app/schedule/rotate_by_file.js
2020-11-11 16:24:03,299 INFO 4055 [egg-schedule]: register schedule /Volumes/projects/restaurant-admin-service/node_modules/egg-multipart/app/schedule/clean_tmpdir.js
2020-11-11 16:24:03,299 INFO 4055 [egg-schedule]: register schedule /Volumes/projects/restaurant-admin-service/node_modules/egg-logrotator/app/schedule/clean_log.js
2020-11-11 16:24:03,299 INFO 4055 [egg-schedule]: register schedule /Volumes/projects/restaurant-admin-service/node_modules/egg-logrotator/app/schedule/rotate_by_file.js
2020-11-11 16:24:13,264 INFO 4056 [egg-schedule]: register schedule /Volumes/projects/restaurant-admin-service/node_modules/egg-multipart/app/schedule/clean_tmpdir.js
2020-11-11 16:24:13,264 INFO 4056 [egg-schedule]: register schedule /Volumes/projects/restaurant-admin-service/node_modules/egg-logrotator/app/schedule/clean_log.js
2020-11-11 16:24:13,264 INFO 4056 [egg-schedule]: register schedule /Volumes/projects/restaurant-admin-service/node_modules/egg-logrotator/app/schedule/rotate_by_file.js
2020-11-11 16:25:09,038 INFO 4057 [egg-schedule]: register schedule /Volumes/projects/restaurant-admin-service/node_modules/egg-multipart/app/schedule/clean_tmpdir.js
2020-11-11 16:25:09,038 INFO 4057 [egg-schedule]: register schedule /Volumes/projects/restaurant-admin-service/node_modules/egg-logrotator/app/schedule/clean_log.js
2020-11-11 16:25:09,038 INFO 4057 [egg-schedule]: register schedule /Volumes/projects/restaurant-admin-service/node_modules/egg-logrotator/app/schedule/rotate_by_file.js
2020-11-11 16:25:36,357 INFO 4060 [egg-schedule]: register schedule /Volumes/projects/restaurant-admin-service/node_modules/egg-multipart/app/schedule/clean_tmpdir.js
2020-11-11 16:25:36,357 INFO 4060 [egg-schedule]: register schedule /Volumes/projects/restaurant-admin-service/node_modules/egg-logrotator/app/schedule/clean_log.js
2020-11-11 16:25:36,357 INFO 4060 [egg-schedule]: register schedule /Volumes/projects/restaurant-admin-service/node_modules/egg-logrotator/app/schedule/rotate_by_file.js
2020-11-11 16:29:21,097 INFO 4067 [egg-schedule]: register schedule /Volumes/projects/restaurant-admin-service/node_modules/egg-multipart/app/schedule/clean_tmpdir.js
2020-11-11 16:29:21,097 INFO 4067 [egg-schedule]: register schedule /Volumes/projects/restaurant-admin-service/node_modules/egg-logrotator/app/schedule/clean_log.js
2020-11-11 16:29:21,097 INFO 4067 [egg-schedule]: register schedule /Volumes/projects/restaurant-admin-service/node_modules/egg-logrotator/app/schedule/rotate_by_file.js
2020-11-11 16:32:18,208 INFO 4071 [egg-schedule]: register schedule /Volumes/projects/restaurant-admin-service/node_modules/egg-multipart/app/schedule/clean_tmpdir.js
2020-11-11 16:32:18,208 INFO 4071 [egg-schedule]: register schedule /Volumes/projects/restaurant-admin-service/node_modules/egg-logrotator/app/schedule/clean_log.js
2020-11-11 16:32:18,208 INFO 4071 [egg-schedule]: register schedule /Volumes/projects/restaurant-admin-service/node_modules/egg-logrotator/app/schedule/rotate_by_file.js
2020-11-11 16:33:11,033 INFO 4072 [egg-schedule]: register schedule /Volumes/projects/restaurant-admin-service/node_modules/egg-multipart/app/schedule/clean_tmpdir.js
2020-11-11 16:33:11,033 INFO 4072 [egg-schedule]: register schedule /Volumes/projects/restaurant-admin-service/node_modules/egg-logrotator/app/schedule/clean_log.js
2020-11-11 16:33:11,033 INFO 4072 [egg-schedule]: register schedule /Volumes/projects/restaurant-admin-service/node_modules/egg-logrotator/app/schedule/rotate_by_file.js
2020-11-11 16:33:57,017 INFO 4075 [egg-schedule]: register schedule /Volumes/projects/restaurant-admin-service/node_modules/egg-multipart/app/schedule/clean_tmpdir.js
2020-11-11 16:33:57,017 INFO 4075 [egg-schedule]: register schedule /Volumes/projects/restaurant-admin-service/node_modules/egg-logrotator/app/schedule/clean_log.js
2020-11-11 16:33:57,017 INFO 4075 [egg-schedule]: register schedule /Volumes/projects/restaurant-admin-service/node_modules/egg-logrotator/app/schedule/rotate_by_file.js
2020-11-11 16:34:10,809 INFO 4076 [egg-schedule]: register schedule /Volumes/projects/restaurant-admin-service/node_modules/egg-multipart/app/schedule/clean_tmpdir.js
2020-11-11 16:34:10,810 INFO 4076 [egg-schedule]: register schedule /Volumes/projects/restaurant-admin-service/node_modules/egg-logrotator/app/schedule/clean_log.js
2020-11-11 16:34:10,810 INFO 4076 [egg-schedule]: register schedule /Volumes/projects/restaurant-admin-service/node_modules/egg-logrotator/app/schedule/rotate_by_file.js
2020-11-11 16:38:33,022 INFO 4084 [egg-schedule]: register schedule /Volumes/projects/restaurant-admin-service/node_modules/egg-multipart/app/schedule/clean_tmpdir.js
2020-11-11 16:38:33,022 INFO 4084 [egg-schedule]: register schedule /Volumes/projects/restaurant-admin-service/node_modules/egg-logrotator/app/schedule/clean_log.js
2020-11-11 16:38:33,022 INFO 4084 [egg-schedule]: register schedule /Volumes/projects/restaurant-admin-service/node_modules/egg-logrotator/app/schedule/rotate_by_file.js
2020-11-11 16:40:01,857 INFO 4087 [egg-schedule]: register schedule /Volumes/projects/restaurant-admin-service/node_modules/egg-multipart/app/schedule/clean_tmpdir.js
2020-11-11 16:40:01,857 INFO 4087 [egg-schedule]: register schedule /Volumes/projects/restaurant-admin-service/node_modules/egg-logrotator/app/schedule/clean_log.js
2020-11-11 16:40:01,857 INFO 4087 [egg-schedule]: register schedule /Volumes/projects/restaurant-admin-service/node_modules/egg-logrotator/app/schedule/rotate_by_file.js
2020-11-11 16:41:00,576 INFO 4090 [egg-schedule]: register schedule /Volumes/projects/restaurant-admin-service/node_modules/egg-multipart/app/schedule/clean_tmpdir.js
2020-11-11 16:41:00,576 INFO 4090 [egg-schedule]: register schedule /Volumes/projects/restaurant-admin-service/node_modules/egg-logrotator/app/schedule/clean_log.js
2020-11-11 16:41:00,576 INFO 4090 [egg-schedule]: register schedule /Volumes/projects/restaurant-admin-service/node_modules/egg-logrotator/app/schedule/rotate_by_file.js
2020-11-11 16:41:26,924 INFO 4091 [egg-schedule]: register schedule /Volumes/projects/restaurant-admin-service/node_modules/egg-multipart/app/schedule/clean_tmpdir.js
2020-11-11 16:41:26,924 INFO 4091 [egg-schedule]: register schedule /Volumes/projects/restaurant-admin-service/node_modules/egg-logrotator/app/schedule/clean_log.js
2020-11-11 16:41:26,924 INFO 4091 [egg-schedule]: register schedule /Volumes/projects/restaurant-admin-service/node_modules/egg-logrotator/app/schedule/rotate_by_file.js
2020-11-11 16:41:42,482 INFO 4092 [egg-schedule]: register schedule /Volumes/projects/restaurant-admin-service/node_modules/egg-multipart/app/schedule/clean_tmpdir.js
2020-11-11 16:41:42,482 INFO 4092 [egg-schedule]: register schedule /Volumes/projects/restaurant-admin-service/node_modules/egg-logrotator/app/schedule/clean_log.js
2020-11-11 16:41:42,482 INFO 4092 [egg-schedule]: register schedule /Volumes/projects/restaurant-admin-service/node_modules/egg-logrotator/app/schedule/rotate_by_file.js
2020-11-11 16:41:43,946 INFO 4093 [egg-schedule]: register schedule /Volumes/projects/restaurant-admin-service/node_modules/egg-multipart/app/schedule/clean_tmpdir.js
2020-11-11 16:41:43,946 INFO 4093 [egg-schedule]: register schedule /Volumes/projects/restaurant-admin-service/node_modules/egg-logrotator/app/schedule/clean_log.js
2020-11-11 16:41:43,946 INFO 4093 [egg-schedule]: register schedule /Volumes/projects/restaurant-admin-service/node_modules/egg-logrotator/app/schedule/rotate_by_file.js
2020-11-11 16:42:18,592 INFO 4098 [egg-schedule]: register schedule /Volumes/projects/restaurant-admin-service/node_modules/egg-multipart/app/schedule/clean_tmpdir.js
2020-11-11 16:42:18,592 INFO 4098 [egg-schedule]: register schedule /Volumes/projects/restaurant-admin-service/node_modules/egg-logrotator/app/schedule/clean_log.js
2020-11-11 16:42:18,592 INFO 4098 [egg-schedule]: register schedule /Volumes/projects/restaurant-admin-service/node_modules/egg-logrotator/app/schedule/rotate_by_file.js
2020-11-11 16:42:28,688 INFO 4100 [egg-schedule]: register schedule /Volumes/projects/restaurant-admin-service/node_modules/egg-multipart/app/schedule/clean_tmpdir.js
2020-11-11 16:42:28,688 INFO 4100 [egg-schedule]: register schedule /Volumes/projects/restaurant-admin-service/node_modules/egg-logrotator/app/schedule/clean_log.js
2020-11-11 16:42:28,688 INFO 4100 [egg-schedule]: register schedule /Volumes/projects/restaurant-admin-service/node_modules/egg-logrotator/app/schedule/rotate_by_file.js
2020-11-11 16:43:12,292 INFO 4101 [egg-schedule]: register schedule /Volumes/projects/restaurant-admin-service/node_modules/egg-multipart/app/schedule/clean_tmpdir.js
2020-11-11 16:43:12,292 INFO 4101 [egg-schedule]: register schedule /Volumes/projects/restaurant-admin-service/node_modules/egg-logrotator/app/schedule/clean_log.js
2020-11-11 16:43:12,292 INFO 4101 [egg-schedule]: register schedule /Volumes/projects/restaurant-admin-service/node_modules/egg-logrotator/app/schedule/rotate_by_file.js
2020-11-11 16:43:39,124 INFO 4102 [egg-schedule]: register schedule /Volumes/projects/restaurant-admin-service/node_modules/egg-multipart/app/schedule/clean_tmpdir.js
2020-11-11 16:43:39,124 INFO 4102 [egg-schedule]: register schedule /Volumes/projects/restaurant-admin-service/node_modules/egg-logrotator/app/schedule/clean_log.js
2020-11-11 16:43:39,124 INFO 4102 [egg-schedule]: register schedule /Volumes/projects/restaurant-admin-service/node_modules/egg-logrotator/app/schedule/rotate_by_file.js
2020-11-11 16:45:01,859 INFO 4107 [egg-schedule]: register schedule /Volumes/projects/restaurant-admin-service/node_modules/egg-multipart/app/schedule/clean_tmpdir.js
2020-11-11 16:45:01,859 INFO 4107 [egg-schedule]: register schedule /Volumes/projects/restaurant-admin-service/node_modules/egg-logrotator/app/schedule/clean_log.js
2020-11-11 16:45:01,859 INFO 4107 [egg-schedule]: register schedule /Volumes/projects/restaurant-admin-service/node_modules/egg-logrotator/app/schedule/rotate_by_file.js
2020-11-11 16:45:10,245 INFO 4110 [egg-schedule]: register schedule /Volumes/projects/restaurant-admin-service/node_modules/egg-multipart/app/schedule/clean_tmpdir.js
2020-11-11 16:45:10,245 INFO 4110 [egg-schedule]: register schedule /Volumes/projects/restaurant-admin-service/node_modules/egg-logrotator/app/schedule/clean_log.js
2020-11-11 16:45:10,245 INFO 4110 [egg-schedule]: register schedule /Volumes/projects/restaurant-admin-service/node_modules/egg-logrotator/app/schedule/rotate_by_file.js
2020-11-11 16:45:17,628 INFO 4111 [egg-schedule]: register schedule /Volumes/projects/restaurant-admin-service/node_modules/egg-multipart/app/schedule/clean_tmpdir.js
2020-11-11 16:45:17,629 INFO 4111 [egg-schedule]: register schedule /Volumes/projects/restaurant-admin-service/node_modules/egg-logrotator/app/schedule/clean_log.js
2020-11-11 16:45:17,629 INFO 4111 [egg-schedule]: register schedule /Volumes/projects/restaurant-admin-service/node_modules/egg-logrotator/app/schedule/rotate_by_file.js
2020-11-11 16:45:24,318 INFO 4112 [egg-schedule]: register schedule /Volumes/projects/restaurant-admin-service/node_modules/egg-multipart/app/schedule/clean_tmpdir.js
2020-11-11 16:45:24,318 INFO 4112 [egg-schedule]: register schedule /Volumes/projects/restaurant-admin-service/node_modules/egg-logrotator/app/schedule/clean_log.js
2020-11-11 16:45:24,318 INFO 4112 [egg-schedule]: register schedule /Volumes/projects/restaurant-admin-service/node_modules/egg-logrotator/app/schedule/rotate_by_file.js
2020-11-11 17:01:50,466 INFO 6680 [Timer] /Volumes/projects/restaurant-admin-service/node_modules/egg-multipart/app/schedule/clean_tmpdir.js next time will execute after 41289536ms at 2020-11-12 04:30:00.002
2020-11-11 17:01:50,467 INFO 6680 [Timer] /Volumes/projects/restaurant-admin-service/node_modules/egg-logrotator/app/schedule/clean_log.js next time will execute after 25089534ms at 2020-11-12 00:00:00.001
2020-11-11 17:01:50,467 INFO 6680 [Timer] /Volumes/projects/restaurant-admin-service/node_modules/egg-logrotator/app/schedule/rotate_by_file.js next time will execute after 25090533ms at 2020-11-12 00:00:01.000
2020-11-11 17:01:50,347 INFO 6689 [egg-schedule]: register schedule /Volumes/projects/restaurant-admin-service/node_modules/egg-multipart/app/schedule/clean_tmpdir.js
2020-11-11 17:01:50,347 INFO 6689 [egg-schedule]: register schedule /Volumes/projects/restaurant-admin-service/node_modules/egg-logrotator/app/schedule/clean_log.js
2020-11-11 17:01:50,347 INFO 6689 [egg-schedule]: register schedule /Volumes/projects/restaurant-admin-service/node_modules/egg-logrotator/app/schedule/rotate_by_file.js
