2020-11-12 00:00:01,036 INFO 8386 [egg-logrotator] app logger reload: got log-reload message
2020-11-12 00:00:49,039 INFO 8422 [egg:logger] init all loggers with options: {"dir":"/Volumes/projects/restaurant-admin-service/logs/restaurant-admin-service","encoding":"utf8","env":"local","level":"INFO","consoleLevel":"INFO","disableConsoleAfterReady":false,"outputJSON":false,"buffer":true,"appLogName":"restaurant-admin-service-web.log","coreLogName":"egg-web.log","agentLogName":"egg-agent.log","errorLogName":"common-error.log","coreLogger":{"consoleLevel":"WARN"},"allowDebugAtProd":false,"type":"application"}
2020-11-12 00:00:49,057 INFO 8422 [egg-multipart] stream mode enable
2020-11-12 00:00:49,057 INFO 8422 [egg-mysql] connecting root@localhost:3306/restaurant
2020-11-12 00:00:49,132 INFO 8422 [egg-static] starting static serve /public/ -> /Volumes/projects/restaurant-admin-service/app/public
2020-11-12 00:00:49,133 INFO 8422 [egg-security] use csrf middleware
2020-11-12 00:00:49,134 INFO 8422 [egg-security] use methodnoallow middleware
2020-11-12 00:00:49,134 INFO 8422 [egg-security] use noopen middleware
2020-11-12 00:00:49,134 INFO 8422 [egg-security] use nosniff middleware
2020-11-12 00:00:49,135 INFO 8422 [egg-security] use xssProtection middleware
2020-11-12 00:00:49,135 INFO 8422 [egg-security] use xframe middleware
2020-11-12 00:00:49,135 INFO 8422 [egg-security] use dta middleware
2020-11-12 00:00:49,135 INFO 8422 [egg-security] compose 7 middlewares into one security middleware
2020-11-12 00:00:49,145 INFO 8422 [egg:core] dump config after load, 4ms
2020-11-12 00:00:49,158 INFO 8422 [egg-watcher:application] watcher start success
2020-11-12 00:00:49,160 INFO 8422 [egg-mysql] instance[0] status OK, rds currentTime: Thu Nov 12 2020 00:00:49 GMT+0800 (中国标准时间)
2020-11-12 00:00:49,165 INFO 8422 [egg:core] dump config after ready, 4ms
2020-11-12 00:01:17,972 INFO 8435 [egg:logger] init all loggers with options: {"dir":"/Volumes/projects/restaurant-admin-service/logs/restaurant-admin-service","encoding":"utf8","env":"local","level":"INFO","consoleLevel":"INFO","disableConsoleAfterReady":false,"outputJSON":false,"buffer":true,"appLogName":"restaurant-admin-service-web.log","coreLogName":"egg-web.log","agentLogName":"egg-agent.log","errorLogName":"common-error.log","coreLogger":{"consoleLevel":"WARN"},"allowDebugAtProd":false,"type":"application"}
2020-11-12 00:01:17,992 INFO 8435 [egg-multipart] stream mode enable
2020-11-12 00:01:17,992 INFO 8435 [egg-mysql] connecting root@localhost:3306/restaurant
2020-11-12 00:01:18,073 INFO 8435 [egg-static] starting static serve /public/ -> /Volumes/projects/restaurant-admin-service/app/public
2020-11-12 00:01:18,075 INFO 8435 [egg-security] use csrf middleware
2020-11-12 00:01:18,075 INFO 8435 [egg-security] use methodnoallow middleware
2020-11-12 00:01:18,075 INFO 8435 [egg-security] use noopen middleware
2020-11-12 00:01:18,076 INFO 8435 [egg-security] use nosniff middleware
2020-11-12 00:01:18,076 INFO 8435 [egg-security] use xssProtection middleware
2020-11-12 00:01:18,077 INFO 8435 [egg-security] use xframe middleware
2020-11-12 00:01:18,077 INFO 8435 [egg-security] use dta middleware
2020-11-12 00:01:18,077 INFO 8435 [egg-security] compose 7 middlewares into one security middleware
2020-11-12 00:01:18,087 INFO 8435 [egg:core] dump config after load, 3ms
2020-11-12 00:01:18,101 INFO 8435 [egg-watcher:application] watcher start success
2020-11-12 00:01:18,103 INFO 8435 [egg-mysql] instance[0] status OK, rds currentTime: Thu Nov 12 2020 00:01:18 GMT+0800 (中国标准时间)
2020-11-12 00:01:18,108 INFO 8435 [egg:core] dump config after ready, 4ms
2020-11-12 00:01:19,682 INFO 8436 [egg:logger] init all loggers with options: {"dir":"/Volumes/projects/restaurant-admin-service/logs/restaurant-admin-service","encoding":"utf8","env":"local","level":"INFO","consoleLevel":"INFO","disableConsoleAfterReady":false,"outputJSON":false,"buffer":true,"appLogName":"restaurant-admin-service-web.log","coreLogName":"egg-web.log","agentLogName":"egg-agent.log","errorLogName":"common-error.log","coreLogger":{"consoleLevel":"WARN"},"allowDebugAtProd":false,"type":"application"}
2020-11-12 00:01:19,700 INFO 8436 [egg-multipart] stream mode enable
2020-11-12 00:01:19,700 INFO 8436 [egg-mysql] connecting root@localhost:3306/restaurant
2020-11-12 00:01:19,776 INFO 8436 [egg-static] starting static serve /public/ -> /Volumes/projects/restaurant-admin-service/app/public
2020-11-12 00:01:19,778 INFO 8436 [egg-security] use csrf middleware
2020-11-12 00:01:19,778 INFO 8436 [egg-security] use methodnoallow middleware
2020-11-12 00:01:19,778 INFO 8436 [egg-security] use noopen middleware
2020-11-12 00:01:19,779 INFO 8436 [egg-security] use nosniff middleware
2020-11-12 00:01:19,779 INFO 8436 [egg-security] use xssProtection middleware
2020-11-12 00:01:19,780 INFO 8436 [egg-security] use xframe middleware
2020-11-12 00:01:19,780 INFO 8436 [egg-security] use dta middleware
2020-11-12 00:01:19,780 INFO 8436 [egg-security] compose 7 middlewares into one security middleware
2020-11-12 00:01:19,790 INFO 8436 [egg:core] dump config after load, 3ms
2020-11-12 00:01:19,803 INFO 8436 [egg-watcher:application] watcher start success
2020-11-12 00:01:19,805 INFO 8436 [egg-mysql] instance[0] status OK, rds currentTime: Thu Nov 12 2020 00:01:19 GMT+0800 (中国标准时间)
2020-11-12 00:01:19,810 INFO 8436 [egg:core] dump config after ready, 4ms
2020-11-12 00:01:41,292 INFO 8450 [egg:logger] init all loggers with options: {"dir":"/Volumes/projects/restaurant-admin-service/logs/restaurant-admin-service","encoding":"utf8","env":"local","level":"INFO","consoleLevel":"INFO","disableConsoleAfterReady":false,"outputJSON":false,"buffer":true,"appLogName":"restaurant-admin-service-web.log","coreLogName":"egg-web.log","agentLogName":"egg-agent.log","errorLogName":"common-error.log","coreLogger":{"consoleLevel":"WARN"},"allowDebugAtProd":false,"type":"application"}
2020-11-12 00:01:41,311 INFO 8450 [egg-multipart] stream mode enable
2020-11-12 00:01:41,311 INFO 8450 [egg-mysql] connecting root@localhost:3306/restaurant
2020-11-12 00:01:41,409 INFO 8450 [egg-static] starting static serve /public/ -> /Volumes/projects/restaurant-admin-service/app/public
2020-11-12 00:01:41,411 INFO 8450 [egg-security] use csrf middleware
2020-11-12 00:01:41,411 INFO 8450 [egg-security] use methodnoallow middleware
2020-11-12 00:01:41,412 INFO 8450 [egg-security] use noopen middleware
2020-11-12 00:01:41,412 INFO 8450 [egg-security] use nosniff middleware
2020-11-12 00:01:41,412 INFO 8450 [egg-security] use xssProtection middleware
2020-11-12 00:01:41,413 INFO 8450 [egg-security] use xframe middleware
2020-11-12 00:01:41,413 INFO 8450 [egg-security] use dta middleware
2020-11-12 00:01:41,413 INFO 8450 [egg-security] compose 7 middlewares into one security middleware
2020-11-12 00:01:41,423 INFO 8450 [egg:core] dump config after load, 4ms
2020-11-12 00:01:41,437 INFO 8450 [egg-watcher:application] watcher start success
2020-11-12 00:01:41,439 INFO 8450 [egg-mysql] instance[0] status OK, rds currentTime: Thu Nov 12 2020 00:01:41 GMT+0800 (中国标准时间)
2020-11-12 00:01:41,444 INFO 8450 [egg:core] dump config after ready, 3ms
2020-11-12 14:01:33,233 INFO 2039 [egg:logger] init all loggers with options: {"dir":"/Volumes/projects/restaurant-admin-service/logs/restaurant-admin-service","encoding":"utf8","env":"local","level":"INFO","consoleLevel":"INFO","disableConsoleAfterReady":false,"outputJSON":false,"buffer":true,"appLogName":"restaurant-admin-service-web.log","coreLogName":"egg-web.log","agentLogName":"egg-agent.log","errorLogName":"common-error.log","coreLogger":{"consoleLevel":"WARN"},"allowDebugAtProd":false,"type":"application"}
2020-11-12 14:01:33,250 INFO 2039 [egg-multipart] stream mode enable
2020-11-12 14:01:33,250 INFO 2039 [egg-mysql] connecting root@localhost:3306/restaurant
2020-11-12 14:01:33,323 INFO 2039 [egg-static] starting static serve /public/ -> /Volumes/projects/restaurant-admin-service/app/public
2020-11-12 14:01:33,325 INFO 2039 [egg-security] use csrf middleware
2020-11-12 14:01:33,325 INFO 2039 [egg-security] use methodnoallow middleware
2020-11-12 14:01:33,325 INFO 2039 [egg-security] use noopen middleware
2020-11-12 14:01:33,325 INFO 2039 [egg-security] use nosniff middleware
2020-11-12 14:01:33,326 INFO 2039 [egg-security] use xssProtection middleware
2020-11-12 14:01:33,326 INFO 2039 [egg-security] use xframe middleware
2020-11-12 14:01:33,326 INFO 2039 [egg-security] use dta middleware
2020-11-12 14:01:33,326 INFO 2039 [egg-security] compose 7 middlewares into one security middleware
2020-11-12 14:01:33,335 INFO 2039 [egg:core] dump config after load, 3ms
2020-11-12 14:01:33,349 INFO 2039 [egg-watcher:application] watcher start success
2020-11-12 14:01:33,365 INFO 2039 [egg-mysql] instance[0] status OK, rds currentTime: Thu Nov 12 2020 14:01:33 GMT+0800 (中国标准时间)
2020-11-12 14:01:33,370 INFO 2039 [egg:core] dump config after ready, 4ms
2020-11-12 14:02:26,525 INFO 2051 [egg:logger] init all loggers with options: {"dir":"/Volumes/projects/restaurant-admin-service/logs/restaurant-admin-service","encoding":"utf8","env":"local","level":"INFO","consoleLevel":"INFO","disableConsoleAfterReady":false,"outputJSON":false,"buffer":true,"appLogName":"restaurant-admin-service-web.log","coreLogName":"egg-web.log","agentLogName":"egg-agent.log","errorLogName":"common-error.log","coreLogger":{"consoleLevel":"WARN"},"allowDebugAtProd":false,"type":"application"}
2020-11-12 14:02:26,544 INFO 2051 [egg-multipart] stream mode enable
2020-11-12 14:02:26,544 INFO 2051 [egg-mysql] connecting root@localhost:3306/restaurant
2020-11-12 14:02:26,624 INFO 2051 [egg-static] starting static serve /public/ -> /Volumes/projects/restaurant-admin-service/app/public
2020-11-12 14:02:26,625 INFO 2051 [egg-security] use csrf middleware
2020-11-12 14:02:26,625 INFO 2051 [egg-security] use methodnoallow middleware
2020-11-12 14:02:26,626 INFO 2051 [egg-security] use noopen middleware
2020-11-12 14:02:26,626 INFO 2051 [egg-security] use nosniff middleware
2020-11-12 14:02:26,626 INFO 2051 [egg-security] use xssProtection middleware
2020-11-12 14:02:26,627 INFO 2051 [egg-security] use xframe middleware
2020-11-12 14:02:26,627 INFO 2051 [egg-security] use dta middleware
2020-11-12 14:02:26,627 INFO 2051 [egg-security] compose 7 middlewares into one security middleware
2020-11-12 14:02:26,636 INFO 2051 [egg:core] dump config after load, 3ms
2020-11-12 14:02:26,650 INFO 2051 [egg-watcher:application] watcher start success
2020-11-12 14:02:26,652 INFO 2051 [egg-mysql] instance[0] status OK, rds currentTime: Thu Nov 12 2020 14:02:26 GMT+0800 (中国标准时间)
2020-11-12 14:02:26,657 INFO 2051 [egg:core] dump config after ready, 4ms
2020-11-12 14:04:46,237 INFO 2061 [egg:logger] init all loggers with options: {"dir":"/Volumes/projects/restaurant-admin-service/logs/restaurant-admin-service","encoding":"utf8","env":"local","level":"INFO","consoleLevel":"INFO","disableConsoleAfterReady":false,"outputJSON":false,"buffer":true,"appLogName":"restaurant-admin-service-web.log","coreLogName":"egg-web.log","agentLogName":"egg-agent.log","errorLogName":"common-error.log","coreLogger":{"consoleLevel":"WARN"},"allowDebugAtProd":false,"type":"application"}
2020-11-12 14:04:46,258 INFO 2061 [egg-multipart] stream mode enable
2020-11-12 14:04:46,259 INFO 2061 [egg-mysql] connecting root@localhost:3306/restaurant
2020-11-12 14:04:46,341 INFO 2061 [egg-static] starting static serve /public/ -> /Volumes/projects/restaurant-admin-service/app/public
2020-11-12 14:04:46,344 INFO 2061 [egg-security] use csrf middleware
2020-11-12 14:04:46,344 INFO 2061 [egg-security] use methodnoallow middleware
2020-11-12 14:04:46,344 INFO 2061 [egg-security] use noopen middleware
2020-11-12 14:04:46,345 INFO 2061 [egg-security] use nosniff middleware
2020-11-12 14:04:46,345 INFO 2061 [egg-security] use xssProtection middleware
2020-11-12 14:04:46,345 INFO 2061 [egg-security] use xframe middleware
2020-11-12 14:04:46,346 INFO 2061 [egg-security] use dta middleware
2020-11-12 14:04:46,346 INFO 2061 [egg-security] compose 7 middlewares into one security middleware
2020-11-12 14:04:46,355 INFO 2061 [egg:core] dump config after load, 3ms
2020-11-12 14:04:46,369 INFO 2061 [egg-watcher:application] watcher start success
2020-11-12 14:04:46,370 INFO 2061 [egg-mysql] instance[0] status OK, rds currentTime: Thu Nov 12 2020 14:04:46 GMT+0800 (中国标准时间)
2020-11-12 14:04:46,375 INFO 2061 [egg:core] dump config after ready, 4ms
2020-11-12 14:05:23,235 INFO 2076 [egg:logger] init all loggers with options: {"dir":"/Volumes/projects/restaurant-admin-service/logs/restaurant-admin-service","encoding":"utf8","env":"local","level":"INFO","consoleLevel":"INFO","disableConsoleAfterReady":false,"outputJSON":false,"buffer":true,"appLogName":"restaurant-admin-service-web.log","coreLogName":"egg-web.log","agentLogName":"egg-agent.log","errorLogName":"common-error.log","coreLogger":{"consoleLevel":"WARN"},"allowDebugAtProd":false,"type":"application"}
2020-11-12 14:05:23,252 INFO 2076 [egg-multipart] stream mode enable
2020-11-12 14:05:23,252 INFO 2076 [egg-mysql] connecting root@localhost:3306/restaurant
2020-11-12 14:05:23,324 INFO 2076 [egg-static] starting static serve /public/ -> /Volumes/projects/restaurant-admin-service/app/public
2020-11-12 14:05:23,325 INFO 2076 [egg-security] use csrf middleware
2020-11-12 14:05:23,326 INFO 2076 [egg-security] use methodnoallow middleware
2020-11-12 14:05:23,326 INFO 2076 [egg-security] use noopen middleware
2020-11-12 14:05:23,326 INFO 2076 [egg-security] use nosniff middleware
2020-11-12 14:05:23,327 INFO 2076 [egg-security] use xssProtection middleware
2020-11-12 14:05:23,327 INFO 2076 [egg-security] use xframe middleware
2020-11-12 14:05:23,327 INFO 2076 [egg-security] use dta middleware
2020-11-12 14:05:23,327 INFO 2076 [egg-security] compose 7 middlewares into one security middleware
2020-11-12 14:05:23,336 INFO 2076 [egg:core] dump config after load, 3ms
2020-11-12 14:05:23,350 INFO 2076 [egg-watcher:application] watcher start success
2020-11-12 14:05:23,353 INFO 2076 [egg-mysql] instance[0] status OK, rds currentTime: Thu Nov 12 2020 14:05:23 GMT+0800 (中国标准时间)
2020-11-12 14:05:23,358 INFO 2076 [egg:core] dump config after ready, 4ms
2020-11-12 14:05:24,309 INFO 2077 [egg:logger] init all loggers with options: {"dir":"/Volumes/projects/restaurant-admin-service/logs/restaurant-admin-service","encoding":"utf8","env":"local","level":"INFO","consoleLevel":"INFO","disableConsoleAfterReady":false,"outputJSON":false,"buffer":true,"appLogName":"restaurant-admin-service-web.log","coreLogName":"egg-web.log","agentLogName":"egg-agent.log","errorLogName":"common-error.log","coreLogger":{"consoleLevel":"WARN"},"allowDebugAtProd":false,"type":"application"}
2020-11-12 14:05:24,329 INFO 2077 [egg-multipart] stream mode enable
2020-11-12 14:05:24,329 INFO 2077 [egg-mysql] connecting root@localhost:3306/restaurant
2020-11-12 14:05:24,424 INFO 2077 [egg-static] starting static serve /public/ -> /Volumes/projects/restaurant-admin-service/app/public
2020-11-12 14:05:24,426 INFO 2077 [egg-security] use csrf middleware
2020-11-12 14:05:24,426 INFO 2077 [egg-security] use methodnoallow middleware
2020-11-12 14:05:24,426 INFO 2077 [egg-security] use noopen middleware
2020-11-12 14:05:24,427 INFO 2077 [egg-security] use nosniff middleware
2020-11-12 14:05:24,427 INFO 2077 [egg-security] use xssProtection middleware
2020-11-12 14:05:24,427 INFO 2077 [egg-security] use xframe middleware
2020-11-12 14:05:24,427 INFO 2077 [egg-security] use dta middleware
2020-11-12 14:05:24,427 INFO 2077 [egg-security] compose 7 middlewares into one security middleware
2020-11-12 14:05:24,437 INFO 2077 [egg:core] dump config after load, 4ms
2020-11-12 14:05:24,450 INFO 2077 [egg-watcher:application] watcher start success
2020-11-12 14:05:24,452 INFO 2077 [egg-mysql] instance[0] status OK, rds currentTime: Thu Nov 12 2020 14:05:24 GMT+0800 (中国标准时间)
2020-11-12 14:05:24,458 INFO 2077 [egg:core] dump config after ready, 4ms
2020-11-12 14:13:12,221 INFO 2131 [egg:logger] init all loggers with options: {"dir":"/Volumes/projects/restaurant-admin-service/logs/restaurant-admin-service","encoding":"utf8","env":"local","level":"INFO","consoleLevel":"INFO","disableConsoleAfterReady":false,"outputJSON":false,"buffer":true,"appLogName":"restaurant-admin-service-web.log","coreLogName":"egg-web.log","agentLogName":"egg-agent.log","errorLogName":"common-error.log","coreLogger":{"consoleLevel":"WARN"},"allowDebugAtProd":false,"type":"application"}
2020-11-12 14:13:12,237 INFO 2131 [egg-multipart] stream mode enable
2020-11-12 14:13:12,238 INFO 2131 [egg-mysql] connecting root@localhost:3306/restaurant
2020-11-12 14:13:12,311 INFO 2131 [egg-static] starting static serve /public/ -> /Volumes/projects/restaurant-admin-service/app/public
2020-11-12 14:13:12,312 INFO 2131 [egg-security] use csrf middleware
2020-11-12 14:13:12,312 INFO 2131 [egg-security] use methodnoallow middleware
2020-11-12 14:13:12,313 INFO 2131 [egg-security] use noopen middleware
2020-11-12 14:13:12,313 INFO 2131 [egg-security] use nosniff middleware
2020-11-12 14:13:12,313 INFO 2131 [egg-security] use xssProtection middleware
2020-11-12 14:13:12,314 INFO 2131 [egg-security] use xframe middleware
2020-11-12 14:13:12,314 INFO 2131 [egg-security] use dta middleware
2020-11-12 14:13:12,314 INFO 2131 [egg-security] compose 7 middlewares into one security middleware
2020-11-12 14:13:12,322 INFO 2131 [egg:core] dump config after load, 3ms
2020-11-12 14:13:12,335 INFO 2131 [egg-watcher:application] watcher start success
2020-11-12 14:13:12,338 INFO 2131 [egg-mysql] instance[0] status OK, rds currentTime: Thu Nov 12 2020 14:13:12 GMT+0800 (中国标准时间)
2020-11-12 14:13:12,345 INFO 2131 [egg:core] dump config after ready, 6ms
2020-11-12 14:14:58,855 INFO 2151 [egg:logger] init all loggers with options: {"dir":"/Volumes/projects/restaurant-admin-service/logs/restaurant-admin-service","encoding":"utf8","env":"local","level":"INFO","consoleLevel":"INFO","disableConsoleAfterReady":false,"outputJSON":false,"buffer":true,"appLogName":"restaurant-admin-service-web.log","coreLogName":"egg-web.log","agentLogName":"egg-agent.log","errorLogName":"common-error.log","coreLogger":{"consoleLevel":"WARN"},"allowDebugAtProd":false,"type":"application"}
2020-11-12 14:14:58,873 INFO 2151 [egg-multipart] stream mode enable
2020-11-12 14:14:58,874 INFO 2151 [egg-mysql] connecting root@localhost:3306/restaurant
2020-11-12 14:14:58,954 INFO 2151 [egg-static] starting static serve /public/ -> /Volumes/projects/restaurant-admin-service/app/public
2020-11-12 14:14:58,956 INFO 2151 [egg-security] use csrf middleware
2020-11-12 14:14:58,956 INFO 2151 [egg-security] use methodnoallow middleware
2020-11-12 14:14:58,957 INFO 2151 [egg-security] use noopen middleware
2020-11-12 14:14:58,957 INFO 2151 [egg-security] use nosniff middleware
2020-11-12 14:14:58,957 INFO 2151 [egg-security] use xssProtection middleware
2020-11-12 14:14:58,957 INFO 2151 [egg-security] use xframe middleware
2020-11-12 14:14:58,958 INFO 2151 [egg-security] use dta middleware
2020-11-12 14:14:58,958 INFO 2151 [egg-security] compose 7 middlewares into one security middleware
2020-11-12 14:14:58,969 INFO 2151 [egg:core] dump config after load, 3ms
2020-11-12 14:14:58,981 INFO 2151 [egg-watcher:application] watcher start success
2020-11-12 14:14:58,983 INFO 2151 [egg-mysql] instance[0] status OK, rds currentTime: Thu Nov 12 2020 14:14:58 GMT+0800 (中国标准时间)
2020-11-12 14:14:58,988 INFO 2151 [egg:core] dump config after ready, 3ms
2020-11-12 14:15:09,314 INFO 2160 [egg:logger] init all loggers with options: {"dir":"/Volumes/projects/restaurant-admin-service/logs/restaurant-admin-service","encoding":"utf8","env":"local","level":"INFO","consoleLevel":"INFO","disableConsoleAfterReady":false,"outputJSON":false,"buffer":true,"appLogName":"restaurant-admin-service-web.log","coreLogName":"egg-web.log","agentLogName":"egg-agent.log","errorLogName":"common-error.log","coreLogger":{"consoleLevel":"WARN"},"allowDebugAtProd":false,"type":"application"}
2020-11-12 14:15:09,333 INFO 2160 [egg-multipart] stream mode enable
2020-11-12 14:15:09,333 INFO 2160 [egg-mysql] connecting root@localhost:3306/restaurant
2020-11-12 14:15:09,409 INFO 2160 [egg-static] starting static serve /public/ -> /Volumes/projects/restaurant-admin-service/app/public
2020-11-12 14:15:09,410 INFO 2160 [egg-security] use csrf middleware
2020-11-12 14:15:09,411 INFO 2160 [egg-security] use methodnoallow middleware
2020-11-12 14:15:09,411 INFO 2160 [egg-security] use noopen middleware
2020-11-12 14:15:09,411 INFO 2160 [egg-security] use nosniff middleware
2020-11-12 14:15:09,411 INFO 2160 [egg-security] use xssProtection middleware
2020-11-12 14:15:09,412 INFO 2160 [egg-security] use xframe middleware
2020-11-12 14:15:09,412 INFO 2160 [egg-security] use dta middleware
2020-11-12 14:15:09,412 INFO 2160 [egg-security] compose 7 middlewares into one security middleware
2020-11-12 14:15:09,420 INFO 2160 [egg:core] dump config after load, 3ms
2020-11-12 14:15:09,433 INFO 2160 [egg-watcher:application] watcher start success
2020-11-12 14:15:09,435 INFO 2160 [egg-mysql] instance[0] status OK, rds currentTime: Thu Nov 12 2020 14:15:09 GMT+0800 (中国标准时间)
2020-11-12 14:15:09,440 INFO 2160 [egg:core] dump config after ready, 3ms
2020-11-12 14:18:07,262 INFO 2177 [egg:logger] init all loggers with options: {"dir":"/Volumes/projects/restaurant-admin-service/logs/restaurant-admin-service","encoding":"utf8","env":"local","level":"INFO","consoleLevel":"INFO","disableConsoleAfterReady":false,"outputJSON":false,"buffer":true,"appLogName":"restaurant-admin-service-web.log","coreLogName":"egg-web.log","agentLogName":"egg-agent.log","errorLogName":"common-error.log","coreLogger":{"consoleLevel":"WARN"},"allowDebugAtProd":false,"type":"application"}
2020-11-12 14:18:07,282 INFO 2177 [egg-multipart] stream mode enable
2020-11-12 14:18:07,282 INFO 2177 [egg-mysql] connecting root@localhost:3306/restaurant
2020-11-12 14:18:07,365 INFO 2177 [egg-static] starting static serve /public/ -> /Volumes/projects/restaurant-admin-service/app/public
2020-11-12 14:18:07,367 INFO 2177 [egg-security] use csrf middleware
2020-11-12 14:18:07,367 INFO 2177 [egg-security] use methodnoallow middleware
2020-11-12 14:18:07,367 INFO 2177 [egg-security] use noopen middleware
2020-11-12 14:18:07,368 INFO 2177 [egg-security] use nosniff middleware
2020-11-12 14:18:07,368 INFO 2177 [egg-security] use xssProtection middleware
2020-11-12 14:18:07,368 INFO 2177 [egg-security] use xframe middleware
2020-11-12 14:18:07,369 INFO 2177 [egg-security] use dta middleware
2020-11-12 14:18:07,369 INFO 2177 [egg-security] compose 7 middlewares into one security middleware
2020-11-12 14:18:07,378 INFO 2177 [egg:core] dump config after load, 4ms
2020-11-12 14:18:07,393 INFO 2177 [egg-watcher:application] watcher start success
2020-11-12 14:18:07,394 INFO 2177 [egg-mysql] instance[0] status OK, rds currentTime: Thu Nov 12 2020 14:18:07 GMT+0800 (中国标准时间)
2020-11-12 14:18:07,399 INFO 2177 [egg:core] dump config after ready, 4ms
2020-11-12 14:18:43,199 INFO 2200 [egg:logger] init all loggers with options: {"dir":"/Volumes/projects/restaurant-admin-service/logs/restaurant-admin-service","encoding":"utf8","env":"local","level":"INFO","consoleLevel":"INFO","disableConsoleAfterReady":false,"outputJSON":false,"buffer":true,"appLogName":"restaurant-admin-service-web.log","coreLogName":"egg-web.log","agentLogName":"egg-agent.log","errorLogName":"common-error.log","coreLogger":{"consoleLevel":"WARN"},"allowDebugAtProd":false,"type":"application"}
2020-11-12 14:18:43,219 INFO 2200 [egg-multipart] stream mode enable
2020-11-12 14:18:43,219 INFO 2200 [egg-mysql] connecting root@localhost:3306/restaurant
2020-11-12 14:18:43,309 INFO 2200 [egg-static] starting static serve /public/ -> /Volumes/projects/restaurant-admin-service/app/public
2020-11-12 14:18:43,310 INFO 2200 [egg-security] use csrf middleware
2020-11-12 14:18:43,311 INFO 2200 [egg-security] use methodnoallow middleware
2020-11-12 14:18:43,311 INFO 2200 [egg-security] use noopen middleware
2020-11-12 14:18:43,311 INFO 2200 [egg-security] use nosniff middleware
2020-11-12 14:18:43,312 INFO 2200 [egg-security] use xssProtection middleware
2020-11-12 14:18:43,312 INFO 2200 [egg-security] use xframe middleware
2020-11-12 14:18:43,312 INFO 2200 [egg-security] use dta middleware
2020-11-12 14:18:43,312 INFO 2200 [egg-security] compose 7 middlewares into one security middleware
2020-11-12 14:18:43,322 INFO 2200 [egg:core] dump config after load, 3ms
2020-11-12 14:18:43,337 INFO 2200 [egg-watcher:application] watcher start success
2020-11-12 14:18:43,340 INFO 2200 [egg-mysql] instance[0] status OK, rds currentTime: Thu Nov 12 2020 14:18:43 GMT+0800 (中国标准时间)
2020-11-12 14:18:43,345 INFO 2200 [egg:core] dump config after ready, 4ms
2020-11-12 14:26:52,716 INFO 2351 [egg:logger] init all loggers with options: {"dir":"/Volumes/projects/restaurant-admin-service/logs/restaurant-admin-service","encoding":"utf8","env":"local","level":"INFO","consoleLevel":"INFO","disableConsoleAfterReady":false,"outputJSON":false,"buffer":true,"appLogName":"restaurant-admin-service-web.log","coreLogName":"egg-web.log","agentLogName":"egg-agent.log","errorLogName":"common-error.log","coreLogger":{"consoleLevel":"WARN"},"allowDebugAtProd":false,"type":"application"}
2020-11-12 14:26:52,735 INFO 2351 [egg-multipart] stream mode enable
2020-11-12 14:26:52,736 INFO 2351 [egg-mysql] connecting root@localhost:3306/restaurant
2020-11-12 14:26:52,813 INFO 2351 [egg-static] starting static serve /public/ -> /Volumes/projects/restaurant-admin-service/app/public
2020-11-12 14:26:52,814 INFO 2351 [egg-security] use csrf middleware
2020-11-12 14:26:52,815 INFO 2351 [egg-security] use methodnoallow middleware
2020-11-12 14:26:52,815 INFO 2351 [egg-security] use noopen middleware
2020-11-12 14:26:52,815 INFO 2351 [egg-security] use nosniff middleware
2020-11-12 14:26:52,815 INFO 2351 [egg-security] use xssProtection middleware
2020-11-12 14:26:52,816 INFO 2351 [egg-security] use xframe middleware
2020-11-12 14:26:52,816 INFO 2351 [egg-security] use dta middleware
2020-11-12 14:26:52,816 INFO 2351 [egg-security] compose 7 middlewares into one security middleware
2020-11-12 14:26:52,824 INFO 2351 [egg:core] dump config after load, 3ms
2020-11-12 14:26:52,837 INFO 2351 [egg-watcher:application] watcher start success
2020-11-12 14:26:52,839 INFO 2351 [egg-mysql] instance[0] status OK, rds currentTime: Thu Nov 12 2020 14:26:52 GMT+0800 (中国标准时间)
2020-11-12 14:26:52,844 INFO 2351 [egg:core] dump config after ready, 3ms
2020-11-12 14:28:01,502 INFO 2379 [egg:logger] init all loggers with options: {"dir":"/Volumes/projects/restaurant-admin-service/logs/restaurant-admin-service","encoding":"utf8","env":"local","level":"INFO","consoleLevel":"INFO","disableConsoleAfterReady":false,"outputJSON":false,"buffer":true,"appLogName":"restaurant-admin-service-web.log","coreLogName":"egg-web.log","agentLogName":"egg-agent.log","errorLogName":"common-error.log","coreLogger":{"consoleLevel":"WARN"},"allowDebugAtProd":false,"type":"application"}
2020-11-12 14:28:01,521 INFO 2379 [egg-multipart] stream mode enable
2020-11-12 14:28:01,522 INFO 2379 [egg-mysql] connecting root@localhost:3306/restaurant
2020-11-12 14:28:01,603 INFO 2379 [egg-static] starting static serve /public/ -> /Volumes/projects/restaurant-admin-service/app/public
2020-11-12 14:28:01,604 INFO 2379 [egg-security] use csrf middleware
2020-11-12 14:28:01,605 INFO 2379 [egg-security] use methodnoallow middleware
2020-11-12 14:28:01,605 INFO 2379 [egg-security] use noopen middleware
2020-11-12 14:28:01,605 INFO 2379 [egg-security] use nosniff middleware
2020-11-12 14:28:01,606 INFO 2379 [egg-security] use xssProtection middleware
2020-11-12 14:28:01,606 INFO 2379 [egg-security] use xframe middleware
2020-11-12 14:28:01,606 INFO 2379 [egg-security] use dta middleware
2020-11-12 14:28:01,606 INFO 2379 [egg-security] compose 7 middlewares into one security middleware
2020-11-12 14:28:01,615 INFO 2379 [egg:core] dump config after load, 4ms
2020-11-12 14:28:01,628 INFO 2379 [egg-watcher:application] watcher start success
2020-11-12 14:28:01,630 INFO 2379 [egg-mysql] instance[0] status OK, rds currentTime: Thu Nov 12 2020 14:28:01 GMT+0800 (中国标准时间)
2020-11-12 14:28:01,635 INFO 2379 [egg:core] dump config after ready, 4ms
2020-11-12 14:29:03,109 INFO 2402 [egg:logger] init all loggers with options: {"dir":"/Volumes/projects/restaurant-admin-service/logs/restaurant-admin-service","encoding":"utf8","env":"local","level":"INFO","consoleLevel":"INFO","disableConsoleAfterReady":false,"outputJSON":false,"buffer":true,"appLogName":"restaurant-admin-service-web.log","coreLogName":"egg-web.log","agentLogName":"egg-agent.log","errorLogName":"common-error.log","coreLogger":{"consoleLevel":"WARN"},"allowDebugAtProd":false,"type":"application"}
2020-11-12 14:29:03,130 INFO 2402 [egg-multipart] stream mode enable
2020-11-12 14:29:03,130 INFO 2402 [egg-mysql] connecting root@localhost:3306/restaurant
2020-11-12 14:29:03,221 INFO 2402 [egg-static] starting static serve /public/ -> /Volumes/projects/restaurant-admin-service/app/public
2020-11-12 14:29:03,222 INFO 2402 [egg-security] use csrf middleware
2020-11-12 14:29:03,223 INFO 2402 [egg-security] use methodnoallow middleware
2020-11-12 14:29:03,223 INFO 2402 [egg-security] use noopen middleware
2020-11-12 14:29:03,223 INFO 2402 [egg-security] use nosniff middleware
2020-11-12 14:29:03,224 INFO 2402 [egg-security] use xssProtection middleware
2020-11-12 14:29:03,224 INFO 2402 [egg-security] use xframe middleware
2020-11-12 14:29:03,224 INFO 2402 [egg-security] use dta middleware
2020-11-12 14:29:03,224 INFO 2402 [egg-security] compose 7 middlewares into one security middleware
2020-11-12 14:29:03,233 INFO 2402 [egg:core] dump config after load, 3ms
2020-11-12 14:29:03,247 INFO 2402 [egg-watcher:application] watcher start success
2020-11-12 14:29:03,248 INFO 2402 [egg-mysql] instance[0] status OK, rds currentTime: Thu Nov 12 2020 14:29:03 GMT+0800 (中国标准时间)
2020-11-12 14:29:03,253 INFO 2402 [egg:core] dump config after ready, 4ms
2020-11-12 14:29:18,553 INFO 2411 [egg:logger] init all loggers with options: {"dir":"/Volumes/projects/restaurant-admin-service/logs/restaurant-admin-service","encoding":"utf8","env":"local","level":"INFO","consoleLevel":"INFO","disableConsoleAfterReady":false,"outputJSON":false,"buffer":true,"appLogName":"restaurant-admin-service-web.log","coreLogName":"egg-web.log","agentLogName":"egg-agent.log","errorLogName":"common-error.log","coreLogger":{"consoleLevel":"WARN"},"allowDebugAtProd":false,"type":"application"}
2020-11-12 14:29:18,576 INFO 2411 [egg-multipart] stream mode enable
2020-11-12 14:29:18,577 INFO 2411 [egg-mysql] connecting root@localhost:3306/restaurant
2020-11-12 14:29:18,658 INFO 2411 [egg-static] starting static serve /public/ -> /Volumes/projects/restaurant-admin-service/app/public
2020-11-12 14:29:18,660 INFO 2411 [egg-security] use csrf middleware
2020-11-12 14:29:18,660 INFO 2411 [egg-security] use methodnoallow middleware
2020-11-12 14:29:18,660 INFO 2411 [egg-security] use noopen middleware
2020-11-12 14:29:18,661 INFO 2411 [egg-security] use nosniff middleware
2020-11-12 14:29:18,661 INFO 2411 [egg-security] use xssProtection middleware
2020-11-12 14:29:18,661 INFO 2411 [egg-security] use xframe middleware
2020-11-12 14:29:18,662 INFO 2411 [egg-security] use dta middleware
2020-11-12 14:29:18,662 INFO 2411 [egg-security] compose 7 middlewares into one security middleware
2020-11-12 14:29:18,671 INFO 2411 [egg:core] dump config after load, 3ms
2020-11-12 14:29:18,683 INFO 2411 [egg-watcher:application] watcher start success
2020-11-12 14:29:18,686 INFO 2411 [egg-mysql] instance[0] status OK, rds currentTime: Thu Nov 12 2020 14:29:18 GMT+0800 (中国标准时间)
2020-11-12 14:29:18,691 INFO 2411 [egg:core] dump config after ready, 4ms
2020-11-12 14:29:22,463 INFO 2420 [egg:logger] init all loggers with options: {"dir":"/Volumes/projects/restaurant-admin-service/logs/restaurant-admin-service","encoding":"utf8","env":"local","level":"INFO","consoleLevel":"INFO","disableConsoleAfterReady":false,"outputJSON":false,"buffer":true,"appLogName":"restaurant-admin-service-web.log","coreLogName":"egg-web.log","agentLogName":"egg-agent.log","errorLogName":"common-error.log","coreLogger":{"consoleLevel":"WARN"},"allowDebugAtProd":false,"type":"application"}
2020-11-12 14:29:22,482 INFO 2420 [egg-multipart] stream mode enable
2020-11-12 14:29:22,482 INFO 2420 [egg-mysql] connecting root@localhost:3306/restaurant
2020-11-12 14:29:22,571 INFO 2420 [egg-static] starting static serve /public/ -> /Volumes/projects/restaurant-admin-service/app/public
2020-11-12 14:29:22,573 INFO 2420 [egg-security] use csrf middleware
2020-11-12 14:29:22,573 INFO 2420 [egg-security] use methodnoallow middleware
2020-11-12 14:29:22,573 INFO 2420 [egg-security] use noopen middleware
2020-11-12 14:29:22,574 INFO 2420 [egg-security] use nosniff middleware
2020-11-12 14:29:22,574 INFO 2420 [egg-security] use xssProtection middleware
2020-11-12 14:29:22,574 INFO 2420 [egg-security] use xframe middleware
2020-11-12 14:29:22,574 INFO 2420 [egg-security] use dta middleware
2020-11-12 14:29:22,575 INFO 2420 [egg-security] compose 7 middlewares into one security middleware
2020-11-12 14:29:22,583 INFO 2420 [egg:core] dump config after load, 3ms
2020-11-12 14:29:22,595 INFO 2420 [egg-watcher:application] watcher start success
2020-11-12 14:29:22,597 INFO 2420 [egg-mysql] instance[0] status OK, rds currentTime: Thu Nov 12 2020 14:29:22 GMT+0800 (中国标准时间)
2020-11-12 14:29:22,603 INFO 2420 [egg:core] dump config after ready, 5ms
2020-11-12 14:29:46,753 INFO 2429 [egg:logger] init all loggers with options: {"dir":"/Volumes/projects/restaurant-admin-service/logs/restaurant-admin-service","encoding":"utf8","env":"local","level":"INFO","consoleLevel":"INFO","disableConsoleAfterReady":false,"outputJSON":false,"buffer":true,"appLogName":"restaurant-admin-service-web.log","coreLogName":"egg-web.log","agentLogName":"egg-agent.log","errorLogName":"common-error.log","coreLogger":{"consoleLevel":"WARN"},"allowDebugAtProd":false,"type":"application"}
2020-11-12 14:29:46,774 INFO 2429 [egg-multipart] stream mode enable
2020-11-12 14:29:46,774 INFO 2429 [egg-mysql] connecting root@localhost:3306/restaurant
2020-11-12 14:29:46,863 INFO 2429 [egg-static] starting static serve /public/ -> /Volumes/projects/restaurant-admin-service/app/public
2020-11-12 14:29:46,865 INFO 2429 [egg-security] use csrf middleware
2020-11-12 14:29:46,865 INFO 2429 [egg-security] use methodnoallow middleware
2020-11-12 14:29:46,865 INFO 2429 [egg-security] use noopen middleware
2020-11-12 14:29:46,865 INFO 2429 [egg-security] use nosniff middleware
2020-11-12 14:29:46,866 INFO 2429 [egg-security] use xssProtection middleware
2020-11-12 14:29:46,866 INFO 2429 [egg-security] use xframe middleware
2020-11-12 14:29:46,866 INFO 2429 [egg-security] use dta middleware
2020-11-12 14:29:46,866 INFO 2429 [egg-security] compose 7 middlewares into one security middleware
2020-11-12 14:29:46,875 INFO 2429 [egg:core] dump config after load, 3ms
2020-11-12 14:29:46,888 INFO 2429 [egg-watcher:application] watcher start success
2020-11-12 14:29:46,890 INFO 2429 [egg-mysql] instance[0] status OK, rds currentTime: Thu Nov 12 2020 14:29:46 GMT+0800 (中国标准时间)
2020-11-12 14:29:46,894 INFO 2429 [egg:core] dump config after ready, 3ms
2020-11-12 14:30:21,600 INFO 2454 [egg:logger] init all loggers with options: {"dir":"/Volumes/projects/restaurant-admin-service/logs/restaurant-admin-service","encoding":"utf8","env":"local","level":"INFO","consoleLevel":"INFO","disableConsoleAfterReady":false,"outputJSON":false,"buffer":true,"appLogName":"restaurant-admin-service-web.log","coreLogName":"egg-web.log","agentLogName":"egg-agent.log","errorLogName":"common-error.log","coreLogger":{"consoleLevel":"WARN"},"allowDebugAtProd":false,"type":"application"}
2020-11-12 14:30:21,619 INFO 2454 [egg-multipart] stream mode enable
2020-11-12 14:30:21,619 INFO 2454 [egg-mysql] connecting root@localhost:3306/restaurant
2020-11-12 14:30:21,700 INFO 2454 [egg-static] starting static serve /public/ -> /Volumes/projects/restaurant-admin-service/app/public
2020-11-12 14:30:21,702 INFO 2454 [egg-security] use csrf middleware
2020-11-12 14:30:21,702 INFO 2454 [egg-security] use methodnoallow middleware
2020-11-12 14:30:21,703 INFO 2454 [egg-security] use noopen middleware
2020-11-12 14:30:21,703 INFO 2454 [egg-security] use nosniff middleware
2020-11-12 14:30:21,703 INFO 2454 [egg-security] use xssProtection middleware
2020-11-12 14:30:21,703 INFO 2454 [egg-security] use xframe middleware
2020-11-12 14:30:21,704 INFO 2454 [egg-security] use dta middleware
2020-11-12 14:30:21,704 INFO 2454 [egg-security] compose 7 middlewares into one security middleware
2020-11-12 14:30:21,713 INFO 2454 [egg:core] dump config after load, 3ms
2020-11-12 14:30:21,726 INFO 2454 [egg-watcher:application] watcher start success
2020-11-12 14:30:21,728 INFO 2454 [egg-mysql] instance[0] status OK, rds currentTime: Thu Nov 12 2020 14:30:21 GMT+0800 (中国标准时间)
2020-11-12 14:30:21,732 INFO 2454 [egg:core] dump config after ready, 3ms
2020-11-12 14:30:37,461 INFO 2468 [egg:logger] init all loggers with options: {"dir":"/Volumes/projects/restaurant-admin-service/logs/restaurant-admin-service","encoding":"utf8","env":"local","level":"INFO","consoleLevel":"INFO","disableConsoleAfterReady":false,"outputJSON":false,"buffer":true,"appLogName":"restaurant-admin-service-web.log","coreLogName":"egg-web.log","agentLogName":"egg-agent.log","errorLogName":"common-error.log","coreLogger":{"consoleLevel":"WARN"},"allowDebugAtProd":false,"type":"application"}
2020-11-12 14:30:37,479 INFO 2468 [egg-multipart] stream mode enable
2020-11-12 14:30:37,480 INFO 2468 [egg-mysql] connecting root@localhost:3306/restaurant
2020-11-12 14:30:37,559 INFO 2468 [egg-static] starting static serve /public/ -> /Volumes/projects/restaurant-admin-service/app/public
2020-11-12 14:30:37,560 INFO 2468 [egg-security] use csrf middleware
2020-11-12 14:30:37,561 INFO 2468 [egg-security] use methodnoallow middleware
2020-11-12 14:30:37,561 INFO 2468 [egg-security] use noopen middleware
2020-11-12 14:30:37,561 INFO 2468 [egg-security] use nosniff middleware
2020-11-12 14:30:37,562 INFO 2468 [egg-security] use xssProtection middleware
2020-11-12 14:30:37,562 INFO 2468 [egg-security] use xframe middleware
2020-11-12 14:30:37,562 INFO 2468 [egg-security] use dta middleware
2020-11-12 14:30:37,562 INFO 2468 [egg-security] compose 7 middlewares into one security middleware
2020-11-12 14:30:37,572 INFO 2468 [egg:core] dump config after load, 5ms
2020-11-12 14:30:37,585 INFO 2468 [egg-watcher:application] watcher start success
2020-11-12 14:30:37,587 INFO 2468 [egg-mysql] instance[0] status OK, rds currentTime: Thu Nov 12 2020 14:30:37 GMT+0800 (中国标准时间)
2020-11-12 14:30:37,592 INFO 2468 [egg:core] dump config after ready, 4ms
2020-11-12 14:30:48,870 INFO 2477 [egg:logger] init all loggers with options: {"dir":"/Volumes/projects/restaurant-admin-service/logs/restaurant-admin-service","encoding":"utf8","env":"local","level":"INFO","consoleLevel":"INFO","disableConsoleAfterReady":false,"outputJSON":false,"buffer":true,"appLogName":"restaurant-admin-service-web.log","coreLogName":"egg-web.log","agentLogName":"egg-agent.log","errorLogName":"common-error.log","coreLogger":{"consoleLevel":"WARN"},"allowDebugAtProd":false,"type":"application"}
2020-11-12 14:30:48,889 INFO 2477 [egg-multipart] stream mode enable
2020-11-12 14:30:48,889 INFO 2477 [egg-mysql] connecting root@localhost:3306/restaurant
2020-11-12 14:30:48,968 INFO 2477 [egg-static] starting static serve /public/ -> /Volumes/projects/restaurant-admin-service/app/public
2020-11-12 14:30:48,969 INFO 2477 [egg-security] use csrf middleware
2020-11-12 14:30:48,970 INFO 2477 [egg-security] use methodnoallow middleware
2020-11-12 14:30:48,970 INFO 2477 [egg-security] use noopen middleware
2020-11-12 14:30:48,970 INFO 2477 [egg-security] use nosniff middleware
2020-11-12 14:30:48,971 INFO 2477 [egg-security] use xssProtection middleware
2020-11-12 14:30:48,971 INFO 2477 [egg-security] use xframe middleware
2020-11-12 14:30:48,971 INFO 2477 [egg-security] use dta middleware
2020-11-12 14:30:48,971 INFO 2477 [egg-security] compose 7 middlewares into one security middleware
2020-11-12 14:30:48,980 INFO 2477 [egg:core] dump config after load, 4ms
2020-11-12 14:30:48,993 INFO 2477 [egg-watcher:application] watcher start success
2020-11-12 14:30:48,995 INFO 2477 [egg-mysql] instance[0] status OK, rds currentTime: Thu Nov 12 2020 14:30:48 GMT+0800 (中国标准时间)
2020-11-12 14:30:49,000 INFO 2477 [egg:core] dump config after ready, 4ms
2020-11-12 14:31:02,191 INFO 2486 [egg:logger] init all loggers with options: {"dir":"/Volumes/projects/restaurant-admin-service/logs/restaurant-admin-service","encoding":"utf8","env":"local","level":"INFO","consoleLevel":"INFO","disableConsoleAfterReady":false,"outputJSON":false,"buffer":true,"appLogName":"restaurant-admin-service-web.log","coreLogName":"egg-web.log","agentLogName":"egg-agent.log","errorLogName":"common-error.log","coreLogger":{"consoleLevel":"WARN"},"allowDebugAtProd":false,"type":"application"}
2020-11-12 14:31:02,210 INFO 2486 [egg-multipart] stream mode enable
2020-11-12 14:31:02,210 INFO 2486 [egg-mysql] connecting root@localhost:3306/restaurant
2020-11-12 14:31:02,304 INFO 2486 [egg-static] starting static serve /public/ -> /Volumes/projects/restaurant-admin-service/app/public
2020-11-12 14:31:02,305 INFO 2486 [egg-security] use csrf middleware
2020-11-12 14:31:02,306 INFO 2486 [egg-security] use methodnoallow middleware
2020-11-12 14:31:02,306 INFO 2486 [egg-security] use noopen middleware
2020-11-12 14:31:02,306 INFO 2486 [egg-security] use nosniff middleware
2020-11-12 14:31:02,306 INFO 2486 [egg-security] use xssProtection middleware
2020-11-12 14:31:02,307 INFO 2486 [egg-security] use xframe middleware
2020-11-12 14:31:02,307 INFO 2486 [egg-security] use dta middleware
2020-11-12 14:31:02,307 INFO 2486 [egg-security] compose 7 middlewares into one security middleware
2020-11-12 14:31:02,315 INFO 2486 [egg:core] dump config after load, 3ms
2020-11-12 14:31:02,331 INFO 2486 [egg-watcher:application] watcher start success
2020-11-12 14:31:02,334 INFO 2486 [egg-mysql] instance[0] status OK, rds currentTime: Thu Nov 12 2020 14:31:02 GMT+0800 (中国标准时间)
2020-11-12 14:31:02,339 INFO 2486 [egg:core] dump config after ready, 4ms
2020-11-12 14:31:07,908 INFO 2495 [egg:logger] init all loggers with options: {"dir":"/Volumes/projects/restaurant-admin-service/logs/restaurant-admin-service","encoding":"utf8","env":"local","level":"INFO","consoleLevel":"INFO","disableConsoleAfterReady":false,"outputJSON":false,"buffer":true,"appLogName":"restaurant-admin-service-web.log","coreLogName":"egg-web.log","agentLogName":"egg-agent.log","errorLogName":"common-error.log","coreLogger":{"consoleLevel":"WARN"},"allowDebugAtProd":false,"type":"application"}
2020-11-12 14:31:07,927 INFO 2495 [egg-multipart] stream mode enable
2020-11-12 14:31:07,928 INFO 2495 [egg-mysql] connecting root@localhost:3306/restaurant
2020-11-12 14:31:08,009 INFO 2495 [egg-static] starting static serve /public/ -> /Volumes/projects/restaurant-admin-service/app/public
2020-11-12 14:31:08,011 INFO 2495 [egg-security] use csrf middleware
2020-11-12 14:31:08,011 INFO 2495 [egg-security] use methodnoallow middleware
2020-11-12 14:31:08,011 INFO 2495 [egg-security] use noopen middleware
2020-11-12 14:31:08,012 INFO 2495 [egg-security] use nosniff middleware
2020-11-12 14:31:08,012 INFO 2495 [egg-security] use xssProtection middleware
2020-11-12 14:31:08,012 INFO 2495 [egg-security] use xframe middleware
2020-11-12 14:31:08,013 INFO 2495 [egg-security] use dta middleware
2020-11-12 14:31:08,013 INFO 2495 [egg-security] compose 7 middlewares into one security middleware
2020-11-12 14:31:08,021 INFO 2495 [egg:core] dump config after load, 3ms
2020-11-12 14:31:08,034 INFO 2495 [egg-watcher:application] watcher start success
2020-11-12 14:31:08,036 INFO 2495 [egg-mysql] instance[0] status OK, rds currentTime: Thu Nov 12 2020 14:31:08 GMT+0800 (中国标准时间)
2020-11-12 14:31:08,040 INFO 2495 [egg:core] dump config after ready, 3ms
2020-11-12 14:31:32,428 INFO 2506 [egg:logger] init all loggers with options: {"dir":"/Volumes/projects/restaurant-admin-service/logs/restaurant-admin-service","encoding":"utf8","env":"local","level":"INFO","consoleLevel":"INFO","disableConsoleAfterReady":false,"outputJSON":false,"buffer":true,"appLogName":"restaurant-admin-service-web.log","coreLogName":"egg-web.log","agentLogName":"egg-agent.log","errorLogName":"common-error.log","coreLogger":{"consoleLevel":"WARN"},"allowDebugAtProd":false,"type":"application"}
2020-11-12 14:31:32,444 INFO 2506 [egg-multipart] stream mode enable
2020-11-12 14:31:32,445 INFO 2506 [egg-mysql] connecting root@localhost:3306/restaurant
2020-11-12 14:31:32,520 INFO 2506 [egg-static] starting static serve /public/ -> /Volumes/projects/restaurant-admin-service/app/public
2020-11-12 14:31:32,521 INFO 2506 [egg-security] use csrf middleware
2020-11-12 14:31:32,522 INFO 2506 [egg-security] use methodnoallow middleware
2020-11-12 14:31:32,522 INFO 2506 [egg-security] use noopen middleware
2020-11-12 14:31:32,522 INFO 2506 [egg-security] use nosniff middleware
2020-11-12 14:31:32,522 INFO 2506 [egg-security] use xssProtection middleware
2020-11-12 14:31:32,523 INFO 2506 [egg-security] use xframe middleware
2020-11-12 14:31:32,523 INFO 2506 [egg-security] use dta middleware
2020-11-12 14:31:32,523 INFO 2506 [egg-security] compose 7 middlewares into one security middleware
2020-11-12 14:31:32,531 INFO 2506 [egg:core] dump config after load, 3ms
2020-11-12 14:31:32,544 INFO 2506 [egg-watcher:application] watcher start success
2020-11-12 14:31:32,546 INFO 2506 [egg-mysql] instance[0] status OK, rds currentTime: Thu Nov 12 2020 14:31:32 GMT+0800 (中国标准时间)
2020-11-12 14:31:32,551 INFO 2506 [egg:core] dump config after ready, 3ms
2020-11-12 14:31:36,869 INFO 2515 [egg:logger] init all loggers with options: {"dir":"/Volumes/projects/restaurant-admin-service/logs/restaurant-admin-service","encoding":"utf8","env":"local","level":"INFO","consoleLevel":"INFO","disableConsoleAfterReady":false,"outputJSON":false,"buffer":true,"appLogName":"restaurant-admin-service-web.log","coreLogName":"egg-web.log","agentLogName":"egg-agent.log","errorLogName":"common-error.log","coreLogger":{"consoleLevel":"WARN"},"allowDebugAtProd":false,"type":"application"}
2020-11-12 14:31:36,888 INFO 2515 [egg-multipart] stream mode enable
2020-11-12 14:31:36,889 INFO 2515 [egg-mysql] connecting root@localhost:3306/restaurant
2020-11-12 14:31:36,970 INFO 2515 [egg-static] starting static serve /public/ -> /Volumes/projects/restaurant-admin-service/app/public
2020-11-12 14:31:36,972 INFO 2515 [egg-security] use csrf middleware
2020-11-12 14:31:36,972 INFO 2515 [egg-security] use methodnoallow middleware
2020-11-12 14:31:36,972 INFO 2515 [egg-security] use noopen middleware
2020-11-12 14:31:36,973 INFO 2515 [egg-security] use nosniff middleware
2020-11-12 14:31:36,973 INFO 2515 [egg-security] use xssProtection middleware
2020-11-12 14:31:36,973 INFO 2515 [egg-security] use xframe middleware
2020-11-12 14:31:36,973 INFO 2515 [egg-security] use dta middleware
2020-11-12 14:31:36,973 INFO 2515 [egg-security] compose 7 middlewares into one security middleware
2020-11-12 14:31:36,982 INFO 2515 [egg:core] dump config after load, 3ms
2020-11-12 14:31:36,995 INFO 2515 [egg-watcher:application] watcher start success
2020-11-12 14:31:36,997 INFO 2515 [egg-mysql] instance[0] status OK, rds currentTime: Thu Nov 12 2020 14:31:36 GMT+0800 (中国标准时间)
2020-11-12 14:31:37,002 INFO 2515 [egg:core] dump config after ready, 3ms
2020-11-12 14:32:02,075 INFO 2524 [egg:logger] init all loggers with options: {"dir":"/Volumes/projects/restaurant-admin-service/logs/restaurant-admin-service","encoding":"utf8","env":"local","level":"INFO","consoleLevel":"INFO","disableConsoleAfterReady":false,"outputJSON":false,"buffer":true,"appLogName":"restaurant-admin-service-web.log","coreLogName":"egg-web.log","agentLogName":"egg-agent.log","errorLogName":"common-error.log","coreLogger":{"consoleLevel":"WARN"},"allowDebugAtProd":false,"type":"application"}
2020-11-12 14:32:02,092 INFO 2524 [egg-multipart] stream mode enable
2020-11-12 14:32:02,092 INFO 2524 [egg-mysql] connecting root@localhost:3306/restaurant
2020-11-12 14:32:02,170 INFO 2524 [egg-static] starting static serve /public/ -> /Volumes/projects/restaurant-admin-service/app/public
2020-11-12 14:32:02,172 INFO 2524 [egg-security] use csrf middleware
2020-11-12 14:32:02,173 INFO 2524 [egg-security] use methodnoallow middleware
2020-11-12 14:32:02,173 INFO 2524 [egg-security] use noopen middleware
2020-11-12 14:32:02,173 INFO 2524 [egg-security] use nosniff middleware
2020-11-12 14:32:02,174 INFO 2524 [egg-security] use xssProtection middleware
2020-11-12 14:32:02,174 INFO 2524 [egg-security] use xframe middleware
2020-11-12 14:32:02,174 INFO 2524 [egg-security] use dta middleware
2020-11-12 14:32:02,174 INFO 2524 [egg-security] compose 7 middlewares into one security middleware
2020-11-12 14:32:02,185 INFO 2524 [egg:core] dump config after load, 4ms
2020-11-12 14:32:02,198 INFO 2524 [egg-watcher:application] watcher start success
2020-11-12 14:32:02,200 INFO 2524 [egg-mysql] instance[0] status OK, rds currentTime: Thu Nov 12 2020 14:32:02 GMT+0800 (中国标准时间)
2020-11-12 14:32:02,206 INFO 2524 [egg:core] dump config after ready, 4ms
2020-11-12 14:32:02,801 INFO 2525 [egg:logger] init all loggers with options: {"dir":"/Volumes/projects/restaurant-admin-service/logs/restaurant-admin-service","encoding":"utf8","env":"local","level":"INFO","consoleLevel":"INFO","disableConsoleAfterReady":false,"outputJSON":false,"buffer":true,"appLogName":"restaurant-admin-service-web.log","coreLogName":"egg-web.log","agentLogName":"egg-agent.log","errorLogName":"common-error.log","coreLogger":{"consoleLevel":"WARN"},"allowDebugAtProd":false,"type":"application"}
2020-11-12 14:32:02,819 INFO 2525 [egg-multipart] stream mode enable
2020-11-12 14:32:02,819 INFO 2525 [egg-mysql] connecting root@localhost:3306/restaurant
2020-11-12 14:32:02,899 INFO 2525 [egg-static] starting static serve /public/ -> /Volumes/projects/restaurant-admin-service/app/public
2020-11-12 14:32:02,900 INFO 2525 [egg-security] use csrf middleware
2020-11-12 14:32:02,901 INFO 2525 [egg-security] use methodnoallow middleware
2020-11-12 14:32:02,901 INFO 2525 [egg-security] use noopen middleware
2020-11-12 14:32:02,901 INFO 2525 [egg-security] use nosniff middleware
2020-11-12 14:32:02,902 INFO 2525 [egg-security] use xssProtection middleware
2020-11-12 14:32:02,902 INFO 2525 [egg-security] use xframe middleware
2020-11-12 14:32:02,902 INFO 2525 [egg-security] use dta middleware
2020-11-12 14:32:02,902 INFO 2525 [egg-security] compose 7 middlewares into one security middleware
2020-11-12 14:32:02,911 INFO 2525 [egg:core] dump config after load, 3ms
2020-11-12 14:32:02,924 INFO 2525 [egg-watcher:application] watcher start success
2020-11-12 14:32:02,926 INFO 2525 [egg-mysql] instance[0] status OK, rds currentTime: Thu Nov 12 2020 14:32:02 GMT+0800 (中国标准时间)
2020-11-12 14:32:02,931 INFO 2525 [egg:core] dump config after ready, 4ms
2020-11-12 14:33:34,563 INFO 2544 [egg:logger] init all loggers with options: {"dir":"/Volumes/projects/restaurant-admin-service/logs/restaurant-admin-service","encoding":"utf8","env":"local","level":"INFO","consoleLevel":"INFO","disableConsoleAfterReady":false,"outputJSON":false,"buffer":true,"appLogName":"restaurant-admin-service-web.log","coreLogName":"egg-web.log","agentLogName":"egg-agent.log","errorLogName":"common-error.log","coreLogger":{"consoleLevel":"WARN"},"allowDebugAtProd":false,"type":"application"}
2020-11-12 14:33:34,579 INFO 2544 [egg-multipart] stream mode enable
2020-11-12 14:33:34,580 INFO 2544 [egg-mysql] connecting root@localhost:3306/restaurant
2020-11-12 14:33:34,652 INFO 2544 [egg-static] starting static serve /public/ -> /Volumes/projects/restaurant-admin-service/app/public
2020-11-12 14:33:34,653 INFO 2544 [egg-security] use csrf middleware
2020-11-12 14:33:34,653 INFO 2544 [egg-security] use methodnoallow middleware
2020-11-12 14:33:34,654 INFO 2544 [egg-security] use noopen middleware
2020-11-12 14:33:34,654 INFO 2544 [egg-security] use nosniff middleware
2020-11-12 14:33:34,654 INFO 2544 [egg-security] use xssProtection middleware
2020-11-12 14:33:34,654 INFO 2544 [egg-security] use xframe middleware
2020-11-12 14:33:34,655 INFO 2544 [egg-security] use dta middleware
2020-11-12 14:33:34,655 INFO 2544 [egg-security] compose 7 middlewares into one security middleware
2020-11-12 14:33:34,663 INFO 2544 [egg:core] dump config after load, 2ms
2020-11-12 14:33:34,676 INFO 2544 [egg-watcher:application] watcher start success
2020-11-12 14:33:34,678 INFO 2544 [egg-mysql] instance[0] status OK, rds currentTime: Thu Nov 12 2020 14:33:34 GMT+0800 (中国标准时间)
2020-11-12 14:33:34,683 INFO 2544 [egg:core] dump config after ready, 3ms
2020-11-12 14:33:44,978 INFO 2568 [egg:logger] init all loggers with options: {"dir":"/Volumes/projects/restaurant-admin-service/logs/restaurant-admin-service","encoding":"utf8","env":"local","level":"INFO","consoleLevel":"INFO","disableConsoleAfterReady":false,"outputJSON":false,"buffer":true,"appLogName":"restaurant-admin-service-web.log","coreLogName":"egg-web.log","agentLogName":"egg-agent.log","errorLogName":"common-error.log","coreLogger":{"consoleLevel":"WARN"},"allowDebugAtProd":false,"type":"application"}
2020-11-12 14:33:44,998 INFO 2568 [egg-multipart] stream mode enable
2020-11-12 14:33:44,998 INFO 2568 [egg-mysql] connecting root@localhost:3306/restaurant
2020-11-12 14:33:45,081 INFO 2568 [egg-static] starting static serve /public/ -> /Volumes/projects/restaurant-admin-service/app/public
2020-11-12 14:33:45,083 INFO 2568 [egg-security] use csrf middleware
2020-11-12 14:33:45,083 INFO 2568 [egg-security] use methodnoallow middleware
2020-11-12 14:33:45,084 INFO 2568 [egg-security] use noopen middleware
2020-11-12 14:33:45,084 INFO 2568 [egg-security] use nosniff middleware
2020-11-12 14:33:45,084 INFO 2568 [egg-security] use xssProtection middleware
2020-11-12 14:33:45,085 INFO 2568 [egg-security] use xframe middleware
2020-11-12 14:33:45,085 INFO 2568 [egg-security] use dta middleware
2020-11-12 14:33:45,085 INFO 2568 [egg-security] compose 7 middlewares into one security middleware
2020-11-12 14:33:45,094 INFO 2568 [egg:core] dump config after load, 3ms
2020-11-12 14:33:45,107 INFO 2568 [egg-watcher:application] watcher start success
2020-11-12 14:33:45,109 INFO 2568 [egg-mysql] instance[0] status OK, rds currentTime: Thu Nov 12 2020 14:33:45 GMT+0800 (中国标准时间)
2020-11-12 14:33:45,114 INFO 2568 [egg:core] dump config after ready, 4ms
2020-11-12 14:34:44,260 INFO 2587 [egg:logger] init all loggers with options: {"dir":"/Volumes/projects/restaurant-admin-service/logs/restaurant-admin-service","encoding":"utf8","env":"local","level":"INFO","consoleLevel":"INFO","disableConsoleAfterReady":false,"outputJSON":false,"buffer":true,"appLogName":"restaurant-admin-service-web.log","coreLogName":"egg-web.log","agentLogName":"egg-agent.log","errorLogName":"common-error.log","coreLogger":{"consoleLevel":"WARN"},"allowDebugAtProd":false,"type":"application"}
2020-11-12 14:34:44,280 INFO 2587 [egg-multipart] stream mode enable
2020-11-12 14:34:44,280 INFO 2587 [egg-mysql] connecting root@localhost:3306/restaurant
2020-11-12 14:34:44,373 INFO 2587 [egg-static] starting static serve /public/ -> /Volumes/projects/restaurant-admin-service/app/public
2020-11-12 14:34:44,376 INFO 2587 [egg-security] use csrf middleware
2020-11-12 14:34:44,376 INFO 2587 [egg-security] use methodnoallow middleware
2020-11-12 14:34:44,377 INFO 2587 [egg-security] use noopen middleware
2020-11-12 14:34:44,377 INFO 2587 [egg-security] use nosniff middleware
2020-11-12 14:34:44,377 INFO 2587 [egg-security] use xssProtection middleware
2020-11-12 14:34:44,378 INFO 2587 [egg-security] use xframe middleware
2020-11-12 14:34:44,378 INFO 2587 [egg-security] use dta middleware
2020-11-12 14:34:44,378 INFO 2587 [egg-security] compose 7 middlewares into one security middleware
2020-11-12 14:34:44,387 INFO 2587 [egg:core] dump config after load, 3ms
2020-11-12 14:34:44,401 INFO 2587 [egg-watcher:application] watcher start success
2020-11-12 14:34:44,403 INFO 2587 [egg-mysql] instance[0] status OK, rds currentTime: Thu Nov 12 2020 14:34:44 GMT+0800 (中国标准时间)
2020-11-12 14:34:44,408 INFO 2587 [egg:core] dump config after ready, 3ms
2020-11-12 14:35:28,746 INFO 2596 [egg:logger] init all loggers with options: {"dir":"/Volumes/projects/restaurant-admin-service/logs/restaurant-admin-service","encoding":"utf8","env":"local","level":"INFO","consoleLevel":"INFO","disableConsoleAfterReady":false,"outputJSON":false,"buffer":true,"appLogName":"restaurant-admin-service-web.log","coreLogName":"egg-web.log","agentLogName":"egg-agent.log","errorLogName":"common-error.log","coreLogger":{"consoleLevel":"WARN"},"allowDebugAtProd":false,"type":"application"}
2020-11-12 14:35:28,764 INFO 2596 [egg-multipart] stream mode enable
2020-11-12 14:35:28,764 INFO 2596 [egg-mysql] connecting root@localhost:3306/restaurant
2020-11-12 14:35:28,851 INFO 2596 [egg-static] starting static serve /public/ -> /Volumes/projects/restaurant-admin-service/app/public
2020-11-12 14:35:28,852 INFO 2596 [egg-security] use csrf middleware
2020-11-12 14:35:28,853 INFO 2596 [egg-security] use methodnoallow middleware
2020-11-12 14:35:28,853 INFO 2596 [egg-security] use noopen middleware
2020-11-12 14:35:28,853 INFO 2596 [egg-security] use nosniff middleware
2020-11-12 14:35:28,854 INFO 2596 [egg-security] use xssProtection middleware
2020-11-12 14:35:28,854 INFO 2596 [egg-security] use xframe middleware
2020-11-12 14:35:28,854 INFO 2596 [egg-security] use dta middleware
2020-11-12 14:35:28,854 INFO 2596 [egg-security] compose 7 middlewares into one security middleware
2020-11-12 14:35:28,866 INFO 2596 [egg:core] dump config after load, 5ms
2020-11-12 14:35:28,880 INFO 2596 [egg-watcher:application] watcher start success
2020-11-12 14:35:28,882 INFO 2596 [egg-mysql] instance[0] status OK, rds currentTime: Thu Nov 12 2020 14:35:28 GMT+0800 (中国标准时间)
2020-11-12 14:35:28,887 INFO 2596 [egg:core] dump config after ready, 4ms
2020-11-12 14:35:48,304 INFO 2606 [egg:logger] init all loggers with options: {"dir":"/Volumes/projects/restaurant-admin-service/logs/restaurant-admin-service","encoding":"utf8","env":"local","level":"INFO","consoleLevel":"INFO","disableConsoleAfterReady":false,"outputJSON":false,"buffer":true,"appLogName":"restaurant-admin-service-web.log","coreLogName":"egg-web.log","agentLogName":"egg-agent.log","errorLogName":"common-error.log","coreLogger":{"consoleLevel":"WARN"},"allowDebugAtProd":false,"type":"application"}
2020-11-12 14:35:48,323 INFO 2606 [egg-multipart] stream mode enable
2020-11-12 14:35:48,324 INFO 2606 [egg-mysql] connecting root@localhost:3306/restaurant
2020-11-12 14:35:48,403 INFO 2606 [egg-static] starting static serve /public/ -> /Volumes/projects/restaurant-admin-service/app/public
2020-11-12 14:35:48,405 INFO 2606 [egg-security] use csrf middleware
2020-11-12 14:35:48,405 INFO 2606 [egg-security] use methodnoallow middleware
2020-11-12 14:35:48,406 INFO 2606 [egg-security] use noopen middleware
2020-11-12 14:35:48,406 INFO 2606 [egg-security] use nosniff middleware
2020-11-12 14:35:48,406 INFO 2606 [egg-security] use xssProtection middleware
2020-11-12 14:35:48,406 INFO 2606 [egg-security] use xframe middleware
2020-11-12 14:35:48,407 INFO 2606 [egg-security] use dta middleware
2020-11-12 14:35:48,407 INFO 2606 [egg-security] compose 7 middlewares into one security middleware
2020-11-12 14:35:48,415 INFO 2606 [egg:core] dump config after load, 3ms
2020-11-12 14:35:48,429 INFO 2606 [egg-watcher:application] watcher start success
2020-11-12 14:35:48,431 INFO 2606 [egg-mysql] instance[0] status OK, rds currentTime: Thu Nov 12 2020 14:35:48 GMT+0800 (中国标准时间)
2020-11-12 14:35:48,436 INFO 2606 [egg:core] dump config after ready, 4ms
2020-11-12 14:36:00,339 INFO 2615 [egg:logger] init all loggers with options: {"dir":"/Volumes/projects/restaurant-admin-service/logs/restaurant-admin-service","encoding":"utf8","env":"local","level":"INFO","consoleLevel":"INFO","disableConsoleAfterReady":false,"outputJSON":false,"buffer":true,"appLogName":"restaurant-admin-service-web.log","coreLogName":"egg-web.log","agentLogName":"egg-agent.log","errorLogName":"common-error.log","coreLogger":{"consoleLevel":"WARN"},"allowDebugAtProd":false,"type":"application"}
2020-11-12 14:36:00,356 INFO 2615 [egg-multipart] stream mode enable
2020-11-12 14:36:00,356 INFO 2615 [egg-mysql] connecting root@localhost:3306/restaurant
2020-11-12 14:36:00,428 INFO 2615 [egg-static] starting static serve /public/ -> /Volumes/projects/restaurant-admin-service/app/public
2020-11-12 14:36:00,430 INFO 2615 [egg-security] use csrf middleware
2020-11-12 14:36:00,430 INFO 2615 [egg-security] use methodnoallow middleware
2020-11-12 14:36:00,430 INFO 2615 [egg-security] use noopen middleware
2020-11-12 14:36:00,431 INFO 2615 [egg-security] use nosniff middleware
2020-11-12 14:36:00,431 INFO 2615 [egg-security] use xssProtection middleware
2020-11-12 14:36:00,431 INFO 2615 [egg-security] use xframe middleware
2020-11-12 14:36:00,431 INFO 2615 [egg-security] use dta middleware
2020-11-12 14:36:00,431 INFO 2615 [egg-security] compose 7 middlewares into one security middleware
2020-11-12 14:36:00,439 INFO 2615 [egg:core] dump config after load, 3ms
2020-11-12 14:36:00,453 INFO 2615 [egg-watcher:application] watcher start success
2020-11-12 14:36:00,455 INFO 2615 [egg-mysql] instance[0] status OK, rds currentTime: Thu Nov 12 2020 14:36:00 GMT+0800 (中国标准时间)
2020-11-12 14:36:00,460 INFO 2615 [egg:core] dump config after ready, 4ms
2020-11-12 14:36:33,377 INFO 2627 [egg:logger] init all loggers with options: {"dir":"/Volumes/projects/restaurant-admin-service/logs/restaurant-admin-service","encoding":"utf8","env":"local","level":"INFO","consoleLevel":"INFO","disableConsoleAfterReady":false,"outputJSON":false,"buffer":true,"appLogName":"restaurant-admin-service-web.log","coreLogName":"egg-web.log","agentLogName":"egg-agent.log","errorLogName":"common-error.log","coreLogger":{"consoleLevel":"WARN"},"allowDebugAtProd":false,"type":"application"}
2020-11-12 14:36:33,397 INFO 2627 [egg-multipart] stream mode enable
2020-11-12 14:36:33,397 INFO 2627 [egg-mysql] connecting root@localhost:3306/restaurant
2020-11-12 14:36:33,474 INFO 2627 [egg-static] starting static serve /public/ -> /Volumes/projects/restaurant-admin-service/app/public
2020-11-12 14:36:33,475 INFO 2627 [egg-security] use csrf middleware
2020-11-12 14:36:33,475 INFO 2627 [egg-security] use methodnoallow middleware
2020-11-12 14:36:33,476 INFO 2627 [egg-security] use noopen middleware
2020-11-12 14:36:33,476 INFO 2627 [egg-security] use nosniff middleware
2020-11-12 14:36:33,476 INFO 2627 [egg-security] use xssProtection middleware
2020-11-12 14:36:33,477 INFO 2627 [egg-security] use xframe middleware
2020-11-12 14:36:33,477 INFO 2627 [egg-security] use dta middleware
2020-11-12 14:36:33,477 INFO 2627 [egg-security] compose 7 middlewares into one security middleware
2020-11-12 14:36:33,486 INFO 2627 [egg:core] dump config after load, 4ms
2020-11-12 14:36:33,500 INFO 2627 [egg-watcher:application] watcher start success
2020-11-12 14:36:33,502 INFO 2627 [egg-mysql] instance[0] status OK, rds currentTime: Thu Nov 12 2020 14:36:33 GMT+0800 (中国标准时间)
2020-11-12 14:36:33,507 INFO 2627 [egg:core] dump config after ready, 4ms
2020-11-12 14:36:39,608 INFO 2638 [egg:logger] init all loggers with options: {"dir":"/Volumes/projects/restaurant-admin-service/logs/restaurant-admin-service","encoding":"utf8","env":"local","level":"INFO","consoleLevel":"INFO","disableConsoleAfterReady":false,"outputJSON":false,"buffer":true,"appLogName":"restaurant-admin-service-web.log","coreLogName":"egg-web.log","agentLogName":"egg-agent.log","errorLogName":"common-error.log","coreLogger":{"consoleLevel":"WARN"},"allowDebugAtProd":false,"type":"application"}
2020-11-12 14:36:39,627 INFO 2638 [egg-multipart] stream mode enable
2020-11-12 14:36:39,628 INFO 2638 [egg-mysql] connecting root@localhost:3306/restaurant
2020-11-12 14:36:39,713 INFO 2638 [egg-static] starting static serve /public/ -> /Volumes/projects/restaurant-admin-service/app/public
2020-11-12 14:36:39,714 INFO 2638 [egg-security] use csrf middleware
2020-11-12 14:36:39,714 INFO 2638 [egg-security] use methodnoallow middleware
2020-11-12 14:36:39,715 INFO 2638 [egg-security] use noopen middleware
2020-11-12 14:36:39,715 INFO 2638 [egg-security] use nosniff middleware
2020-11-12 14:36:39,715 INFO 2638 [egg-security] use xssProtection middleware
2020-11-12 14:36:39,716 INFO 2638 [egg-security] use xframe middleware
2020-11-12 14:36:39,716 INFO 2638 [egg-security] use dta middleware
2020-11-12 14:36:39,716 INFO 2638 [egg-security] compose 7 middlewares into one security middleware
2020-11-12 14:36:39,724 INFO 2638 [egg:core] dump config after load, 3ms
2020-11-12 14:36:39,738 INFO 2638 [egg-watcher:application] watcher start success
2020-11-12 14:36:39,740 INFO 2638 [egg-mysql] instance[0] status OK, rds currentTime: Thu Nov 12 2020 14:36:39 GMT+0800 (中国标准时间)
2020-11-12 14:36:39,746 INFO 2638 [egg:core] dump config after ready, 4ms
2020-11-12 14:37:12,978 INFO 2647 [egg:logger] init all loggers with options: {"dir":"/Volumes/projects/restaurant-admin-service/logs/restaurant-admin-service","encoding":"utf8","env":"local","level":"INFO","consoleLevel":"INFO","disableConsoleAfterReady":false,"outputJSON":false,"buffer":true,"appLogName":"restaurant-admin-service-web.log","coreLogName":"egg-web.log","agentLogName":"egg-agent.log","errorLogName":"common-error.log","coreLogger":{"consoleLevel":"WARN"},"allowDebugAtProd":false,"type":"application"}
2020-11-12 14:37:12,998 INFO 2647 [egg-multipart] stream mode enable
2020-11-12 14:37:12,998 INFO 2647 [egg-mysql] connecting root@localhost:3306/restaurant
2020-11-12 14:37:13,084 INFO 2647 [egg-static] starting static serve /public/ -> /Volumes/projects/restaurant-admin-service/app/public
2020-11-12 14:37:13,086 INFO 2647 [egg-security] use csrf middleware
2020-11-12 14:37:13,086 INFO 2647 [egg-security] use methodnoallow middleware
2020-11-12 14:37:13,086 INFO 2647 [egg-security] use noopen middleware
2020-11-12 14:37:13,087 INFO 2647 [egg-security] use nosniff middleware
2020-11-12 14:37:13,087 INFO 2647 [egg-security] use xssProtection middleware
2020-11-12 14:37:13,087 INFO 2647 [egg-security] use xframe middleware
2020-11-12 14:37:13,087 INFO 2647 [egg-security] use dta middleware
2020-11-12 14:37:13,088 INFO 2647 [egg-security] compose 7 middlewares into one security middleware
2020-11-12 14:37:13,097 INFO 2647 [egg:core] dump config after load, 4ms
2020-11-12 14:37:13,110 INFO 2647 [egg-watcher:application] watcher start success
2020-11-12 14:37:13,112 INFO 2647 [egg-mysql] instance[0] status OK, rds currentTime: Thu Nov 12 2020 14:37:13 GMT+0800 (中国标准时间)
2020-11-12 14:37:13,117 INFO 2647 [egg:core] dump config after ready, 4ms
2020-11-12 14:38:09,832 INFO 2661 [egg:logger] init all loggers with options: {"dir":"/Volumes/projects/restaurant-admin-service/logs/restaurant-admin-service","encoding":"utf8","env":"local","level":"INFO","consoleLevel":"INFO","disableConsoleAfterReady":false,"outputJSON":false,"buffer":true,"appLogName":"restaurant-admin-service-web.log","coreLogName":"egg-web.log","agentLogName":"egg-agent.log","errorLogName":"common-error.log","coreLogger":{"consoleLevel":"WARN"},"allowDebugAtProd":false,"type":"application"}
2020-11-12 14:38:09,849 INFO 2661 [egg-multipart] stream mode enable
2020-11-12 14:38:09,849 INFO 2661 [egg-mysql] connecting root@localhost:3306/restaurant
2020-11-12 14:38:09,927 INFO 2661 [egg-static] starting static serve /public/ -> /Volumes/projects/restaurant-admin-service/app/public
2020-11-12 14:38:09,928 INFO 2661 [egg-security] use csrf middleware
2020-11-12 14:38:09,929 INFO 2661 [egg-security] use methodnoallow middleware
2020-11-12 14:38:09,929 INFO 2661 [egg-security] use noopen middleware
2020-11-12 14:38:09,929 INFO 2661 [egg-security] use nosniff middleware
2020-11-12 14:38:09,929 INFO 2661 [egg-security] use xssProtection middleware
2020-11-12 14:38:09,930 INFO 2661 [egg-security] use xframe middleware
2020-11-12 14:38:09,930 INFO 2661 [egg-security] use dta middleware
2020-11-12 14:38:09,930 INFO 2661 [egg-security] compose 7 middlewares into one security middleware
2020-11-12 14:38:09,940 INFO 2661 [egg:core] dump config after load, 5ms
2020-11-12 14:38:09,955 INFO 2661 [egg-watcher:application] watcher start success
2020-11-12 14:38:09,957 INFO 2661 [egg-mysql] instance[0] status OK, rds currentTime: Thu Nov 12 2020 14:38:09 GMT+0800 (中国标准时间)
2020-11-12 14:38:09,963 INFO 2661 [egg:core] dump config after ready, 4ms
2020-11-12 14:38:17,583 INFO 2672 [egg:logger] init all loggers with options: {"dir":"/Volumes/projects/restaurant-admin-service/logs/restaurant-admin-service","encoding":"utf8","env":"local","level":"INFO","consoleLevel":"INFO","disableConsoleAfterReady":false,"outputJSON":false,"buffer":true,"appLogName":"restaurant-admin-service-web.log","coreLogName":"egg-web.log","agentLogName":"egg-agent.log","errorLogName":"common-error.log","coreLogger":{"consoleLevel":"WARN"},"allowDebugAtProd":false,"type":"application"}
2020-11-12 14:38:17,601 INFO 2672 [egg-multipart] stream mode enable
2020-11-12 14:38:17,602 INFO 2672 [egg-mysql] connecting root@localhost:3306/restaurant
2020-11-12 14:38:17,677 INFO 2672 [egg-static] starting static serve /public/ -> /Volumes/projects/restaurant-admin-service/app/public
2020-11-12 14:38:17,679 INFO 2672 [egg-security] use csrf middleware
2020-11-12 14:38:17,680 INFO 2672 [egg-security] use methodnoallow middleware
2020-11-12 14:38:17,680 INFO 2672 [egg-security] use noopen middleware
2020-11-12 14:38:17,680 INFO 2672 [egg-security] use nosniff middleware
2020-11-12 14:38:17,680 INFO 2672 [egg-security] use xssProtection middleware
2020-11-12 14:38:17,681 INFO 2672 [egg-security] use xframe middleware
2020-11-12 14:38:17,681 INFO 2672 [egg-security] use dta middleware
2020-11-12 14:38:17,681 INFO 2672 [egg-security] compose 7 middlewares into one security middleware
2020-11-12 14:38:17,690 INFO 2672 [egg:core] dump config after load, 3ms
2020-11-12 14:38:17,702 INFO 2672 [egg-watcher:application] watcher start success
2020-11-12 14:38:17,705 INFO 2672 [egg-mysql] instance[0] status OK, rds currentTime: Thu Nov 12 2020 14:38:17 GMT+0800 (中国标准时间)
2020-11-12 14:38:17,710 INFO 2672 [egg:core] dump config after ready, 3ms
2020-11-12 14:39:04,388 INFO 2686 [egg:logger] init all loggers with options: {"dir":"/Volumes/projects/restaurant-admin-service/logs/restaurant-admin-service","encoding":"utf8","env":"local","level":"INFO","consoleLevel":"INFO","disableConsoleAfterReady":false,"outputJSON":false,"buffer":true,"appLogName":"restaurant-admin-service-web.log","coreLogName":"egg-web.log","agentLogName":"egg-agent.log","errorLogName":"common-error.log","coreLogger":{"consoleLevel":"WARN"},"allowDebugAtProd":false,"type":"application"}
2020-11-12 14:39:04,404 INFO 2686 [egg-multipart] stream mode enable
2020-11-12 14:39:04,405 INFO 2686 [egg-mysql] connecting root@localhost:3306/restaurant
2020-11-12 14:39:04,488 INFO 2686 [egg-static] starting static serve /public/ -> /Volumes/projects/restaurant-admin-service/app/public
2020-11-12 14:39:04,490 INFO 2686 [egg-security] use csrf middleware
2020-11-12 14:39:04,490 INFO 2686 [egg-security] use methodnoallow middleware
2020-11-12 14:39:04,491 INFO 2686 [egg-security] use noopen middleware
2020-11-12 14:39:04,491 INFO 2686 [egg-security] use nosniff middleware
2020-11-12 14:39:04,491 INFO 2686 [egg-security] use xssProtection middleware
2020-11-12 14:39:04,492 INFO 2686 [egg-security] use xframe middleware
2020-11-12 14:39:04,492 INFO 2686 [egg-security] use dta middleware
2020-11-12 14:39:04,492 INFO 2686 [egg-security] compose 7 middlewares into one security middleware
2020-11-12 14:39:04,502 INFO 2686 [egg:core] dump config after load, 4ms
2020-11-12 14:39:04,516 INFO 2686 [egg-watcher:application] watcher start success
2020-11-12 14:39:04,517 INFO 2686 [egg-mysql] instance[0] status OK, rds currentTime: Thu Nov 12 2020 14:39:04 GMT+0800 (中国标准时间)
2020-11-12 14:39:04,522 INFO 2686 [egg:core] dump config after ready, 4ms
2020-11-12 14:39:05,140 INFO 2687 [egg:logger] init all loggers with options: {"dir":"/Volumes/projects/restaurant-admin-service/logs/restaurant-admin-service","encoding":"utf8","env":"local","level":"INFO","consoleLevel":"INFO","disableConsoleAfterReady":false,"outputJSON":false,"buffer":true,"appLogName":"restaurant-admin-service-web.log","coreLogName":"egg-web.log","agentLogName":"egg-agent.log","errorLogName":"common-error.log","coreLogger":{"consoleLevel":"WARN"},"allowDebugAtProd":false,"type":"application"}
2020-11-12 14:39:05,161 INFO 2687 [egg-multipart] stream mode enable
2020-11-12 14:39:05,161 INFO 2687 [egg-mysql] connecting root@localhost:3306/restaurant
2020-11-12 14:39:05,245 INFO 2687 [egg-static] starting static serve /public/ -> /Volumes/projects/restaurant-admin-service/app/public
2020-11-12 14:39:05,247 INFO 2687 [egg-security] use csrf middleware
2020-11-12 14:39:05,248 INFO 2687 [egg-security] use methodnoallow middleware
2020-11-12 14:39:05,248 INFO 2687 [egg-security] use noopen middleware
2020-11-12 14:39:05,248 INFO 2687 [egg-security] use nosniff middleware
2020-11-12 14:39:05,249 INFO 2687 [egg-security] use xssProtection middleware
2020-11-12 14:39:05,249 INFO 2687 [egg-security] use xframe middleware
2020-11-12 14:39:05,249 INFO 2687 [egg-security] use dta middleware
2020-11-12 14:39:05,249 INFO 2687 [egg-security] compose 7 middlewares into one security middleware
2020-11-12 14:39:05,259 INFO 2687 [egg:core] dump config after load, 4ms
2020-11-12 14:39:05,274 INFO 2687 [egg-watcher:application] watcher start success
2020-11-12 14:39:05,275 INFO 2687 [egg-mysql] instance[0] status OK, rds currentTime: Thu Nov 12 2020 14:39:05 GMT+0800 (中国标准时间)
2020-11-12 14:39:05,280 INFO 2687 [egg:core] dump config after ready, 4ms
2020-11-12 14:39:12,418 INFO 2696 [egg:logger] init all loggers with options: {"dir":"/Volumes/projects/restaurant-admin-service/logs/restaurant-admin-service","encoding":"utf8","env":"local","level":"INFO","consoleLevel":"INFO","disableConsoleAfterReady":false,"outputJSON":false,"buffer":true,"appLogName":"restaurant-admin-service-web.log","coreLogName":"egg-web.log","agentLogName":"egg-agent.log","errorLogName":"common-error.log","coreLogger":{"consoleLevel":"WARN"},"allowDebugAtProd":false,"type":"application"}
2020-11-12 14:39:12,437 INFO 2696 [egg-multipart] stream mode enable
2020-11-12 14:39:12,437 INFO 2696 [egg-mysql] connecting root@localhost:3306/restaurant
2020-11-12 14:39:12,522 INFO 2696 [egg-static] starting static serve /public/ -> /Volumes/projects/restaurant-admin-service/app/public
2020-11-12 14:39:12,524 INFO 2696 [egg-security] use csrf middleware
2020-11-12 14:39:12,524 INFO 2696 [egg-security] use methodnoallow middleware
2020-11-12 14:39:12,524 INFO 2696 [egg-security] use noopen middleware
2020-11-12 14:39:12,525 INFO 2696 [egg-security] use nosniff middleware
2020-11-12 14:39:12,525 INFO 2696 [egg-security] use xssProtection middleware
2020-11-12 14:39:12,526 INFO 2696 [egg-security] use xframe middleware
2020-11-12 14:39:12,526 INFO 2696 [egg-security] use dta middleware
2020-11-12 14:39:12,526 INFO 2696 [egg-security] compose 7 middlewares into one security middleware
2020-11-12 14:39:12,535 INFO 2696 [egg:core] dump config after load, 3ms
2020-11-12 14:39:12,548 INFO 2696 [egg-watcher:application] watcher start success
2020-11-12 14:39:12,551 INFO 2696 [egg-mysql] instance[0] status OK, rds currentTime: Thu Nov 12 2020 14:39:12 GMT+0800 (中国标准时间)
2020-11-12 14:39:12,557 INFO 2696 [egg:core] dump config after ready, 5ms
2020-11-12 14:46:47,701 INFO 2732 [egg:logger] init all loggers with options: {"dir":"/Volumes/projects/restaurant-admin-service/logs/restaurant-admin-service","encoding":"utf8","env":"local","level":"INFO","consoleLevel":"INFO","disableConsoleAfterReady":false,"outputJSON":false,"buffer":true,"appLogName":"restaurant-admin-service-web.log","coreLogName":"egg-web.log","agentLogName":"egg-agent.log","errorLogName":"common-error.log","coreLogger":{"consoleLevel":"WARN"},"allowDebugAtProd":false,"type":"application"}
2020-11-12 14:46:47,720 INFO 2732 [egg-multipart] stream mode enable
2020-11-12 14:46:47,721 INFO 2732 [egg-mysql] connecting root@localhost:3306/restaurant
2020-11-12 14:46:47,798 INFO 2732 [egg-static] starting static serve /public/ -> /Volumes/projects/restaurant-admin-service/app/public
2020-11-12 14:46:47,800 INFO 2732 [egg-security] use csrf middleware
2020-11-12 14:46:47,800 INFO 2732 [egg-security] use methodnoallow middleware
2020-11-12 14:46:47,800 INFO 2732 [egg-security] use noopen middleware
2020-11-12 14:46:47,801 INFO 2732 [egg-security] use nosniff middleware
2020-11-12 14:46:47,801 INFO 2732 [egg-security] use xssProtection middleware
2020-11-12 14:46:47,801 INFO 2732 [egg-security] use xframe middleware
2020-11-12 14:46:47,802 INFO 2732 [egg-security] use dta middleware
2020-11-12 14:46:47,802 INFO 2732 [egg-security] compose 7 middlewares into one security middleware
2020-11-12 14:46:47,811 INFO 2732 [egg:core] dump config after load, 4ms
2020-11-12 14:46:47,823 INFO 2732 [egg-watcher:application] watcher start success
2020-11-12 14:46:47,826 INFO 2732 [egg-mysql] instance[0] status OK, rds currentTime: Thu Nov 12 2020 14:46:47 GMT+0800 (中国标准时间)
2020-11-12 14:46:47,831 INFO 2732 [egg:core] dump config after ready, 4ms
2020-11-12 14:48:12,625 INFO 2744 [egg:logger] init all loggers with options: {"dir":"/Volumes/projects/restaurant-admin-service/logs/restaurant-admin-service","encoding":"utf8","env":"local","level":"INFO","consoleLevel":"INFO","disableConsoleAfterReady":false,"outputJSON":false,"buffer":true,"appLogName":"restaurant-admin-service-web.log","coreLogName":"egg-web.log","agentLogName":"egg-agent.log","errorLogName":"common-error.log","coreLogger":{"consoleLevel":"WARN"},"allowDebugAtProd":false,"type":"application"}
2020-11-12 14:48:12,645 INFO 2744 [egg-multipart] stream mode enable
2020-11-12 14:48:12,646 INFO 2744 [egg-mysql] connecting root@localhost:3306/restaurant
2020-11-12 14:48:12,727 INFO 2744 [egg-static] starting static serve /public/ -> /Volumes/projects/restaurant-admin-service/app/public
2020-11-12 14:48:12,728 INFO 2744 [egg-security] use csrf middleware
2020-11-12 14:48:12,729 INFO 2744 [egg-security] use methodnoallow middleware
2020-11-12 14:48:12,729 INFO 2744 [egg-security] use noopen middleware
2020-11-12 14:48:12,729 INFO 2744 [egg-security] use nosniff middleware
2020-11-12 14:48:12,730 INFO 2744 [egg-security] use xssProtection middleware
2020-11-12 14:48:12,730 INFO 2744 [egg-security] use xframe middleware
2020-11-12 14:48:12,730 INFO 2744 [egg-security] use dta middleware
2020-11-12 14:48:12,730 INFO 2744 [egg-security] compose 7 middlewares into one security middleware
2020-11-12 14:48:12,740 INFO 2744 [egg:core] dump config after load, 4ms
2020-11-12 14:48:12,754 INFO 2744 [egg-watcher:application] watcher start success
2020-11-12 14:48:12,756 INFO 2744 [egg-mysql] instance[0] status OK, rds currentTime: Thu Nov 12 2020 14:48:12 GMT+0800 (中国标准时间)
2020-11-12 14:48:12,761 INFO 2744 [egg:core] dump config after ready, 4ms
2020-11-12 14:48:14,320 INFO 2745 [egg:logger] init all loggers with options: {"dir":"/Volumes/projects/restaurant-admin-service/logs/restaurant-admin-service","encoding":"utf8","env":"local","level":"INFO","consoleLevel":"INFO","disableConsoleAfterReady":false,"outputJSON":false,"buffer":true,"appLogName":"restaurant-admin-service-web.log","coreLogName":"egg-web.log","agentLogName":"egg-agent.log","errorLogName":"common-error.log","coreLogger":{"consoleLevel":"WARN"},"allowDebugAtProd":false,"type":"application"}
2020-11-12 14:48:14,338 INFO 2745 [egg-multipart] stream mode enable
2020-11-12 14:48:14,338 INFO 2745 [egg-mysql] connecting root@localhost:3306/restaurant
2020-11-12 14:48:14,436 INFO 2745 [egg-static] starting static serve /public/ -> /Volumes/projects/restaurant-admin-service/app/public
2020-11-12 14:48:14,438 INFO 2745 [egg-security] use csrf middleware
2020-11-12 14:48:14,439 INFO 2745 [egg-security] use methodnoallow middleware
2020-11-12 14:48:14,439 INFO 2745 [egg-security] use noopen middleware
2020-11-12 14:48:14,439 INFO 2745 [egg-security] use nosniff middleware
2020-11-12 14:48:14,439 INFO 2745 [egg-security] use xssProtection middleware
2020-11-12 14:48:14,440 INFO 2745 [egg-security] use xframe middleware
2020-11-12 14:48:14,440 INFO 2745 [egg-security] use dta middleware
2020-11-12 14:48:14,440 INFO 2745 [egg-security] compose 7 middlewares into one security middleware
2020-11-12 14:48:14,449 INFO 2745 [egg:core] dump config after load, 3ms
2020-11-12 14:48:14,464 INFO 2745 [egg-watcher:application] watcher start success
2020-11-12 14:48:14,467 INFO 2745 [egg-mysql] instance[0] status OK, rds currentTime: Thu Nov 12 2020 14:48:14 GMT+0800 (中国标准时间)
2020-11-12 14:48:14,472 INFO 2745 [egg:core] dump config after ready, 4ms
2020-11-12 14:49:28,876 INFO 2762 [egg:logger] init all loggers with options: {"dir":"/Volumes/projects/restaurant-admin-service/logs/restaurant-admin-service","encoding":"utf8","env":"local","level":"INFO","consoleLevel":"INFO","disableConsoleAfterReady":false,"outputJSON":false,"buffer":true,"appLogName":"restaurant-admin-service-web.log","coreLogName":"egg-web.log","agentLogName":"egg-agent.log","errorLogName":"common-error.log","coreLogger":{"consoleLevel":"WARN"},"allowDebugAtProd":false,"type":"application"}
2020-11-12 14:49:28,895 INFO 2762 [egg-multipart] stream mode enable
2020-11-12 14:49:28,895 INFO 2762 [egg-mysql] connecting root@localhost:3306/restaurant
2020-11-12 14:49:28,972 INFO 2762 [egg-static] starting static serve /public/ -> /Volumes/projects/restaurant-admin-service/app/public
2020-11-12 14:49:28,974 INFO 2762 [egg-security] use csrf middleware
2020-11-12 14:49:28,974 INFO 2762 [egg-security] use methodnoallow middleware
2020-11-12 14:49:28,975 INFO 2762 [egg-security] use noopen middleware
2020-11-12 14:49:28,975 INFO 2762 [egg-security] use nosniff middleware
2020-11-12 14:49:28,975 INFO 2762 [egg-security] use xssProtection middleware
2020-11-12 14:49:28,975 INFO 2762 [egg-security] use xframe middleware
2020-11-12 14:49:28,976 INFO 2762 [egg-security] use dta middleware
2020-11-12 14:49:28,976 INFO 2762 [egg-security] compose 7 middlewares into one security middleware
2020-11-12 14:49:28,985 INFO 2762 [egg:core] dump config after load, 4ms
2020-11-12 14:49:28,999 INFO 2762 [egg-watcher:application] watcher start success
2020-11-12 14:49:29,001 INFO 2762 [egg-mysql] instance[0] status OK, rds currentTime: Thu Nov 12 2020 14:49:29 GMT+0800 (中国标准时间)
2020-11-12 14:49:29,006 INFO 2762 [egg:core] dump config after ready, 3ms
2020-11-12 14:52:20,623 WARN 2762 [TCPBase] socket is closed by other side while there were still unhandled data in the socket buffer
2020-11-12 14:52:20,624 WARN 2762 [ClusterClient:Watcher] follower closed, and try to init it again
2020-11-12 14:56:29,811 WARN 2762 [TCPBase] socket is closed by other side while there were still unhandled data in the socket buffer
2020-11-12 14:56:29,811 WARN 2762 [ClusterClient:Watcher] follower closed, and try to init it again
2020-11-12 15:01:19,643 INFO 2885 [egg:logger] init all loggers with options: {"dir":"/Volumes/projects/restaurant-admin-service/logs/restaurant-admin-service","encoding":"utf8","env":"local","level":"INFO","consoleLevel":"INFO","disableConsoleAfterReady":false,"outputJSON":false,"buffer":true,"appLogName":"restaurant-admin-service-web.log","coreLogName":"egg-web.log","agentLogName":"egg-agent.log","errorLogName":"common-error.log","coreLogger":{"consoleLevel":"WARN"},"allowDebugAtProd":false,"type":"application"}
2020-11-12 15:01:19,662 INFO 2885 [egg-multipart] stream mode enable
2020-11-12 15:01:19,662 INFO 2885 [egg-mysql] connecting root@localhost:3306/restaurant
2020-11-12 15:01:19,741 INFO 2885 [egg-static] starting static serve /public/ -> /Volumes/projects/restaurant-admin-service/app/public
2020-11-12 15:01:19,742 INFO 2885 [egg-security] use csrf middleware
2020-11-12 15:01:19,742 INFO 2885 [egg-security] use methodnoallow middleware
2020-11-12 15:01:19,743 INFO 2885 [egg-security] use noopen middleware
2020-11-12 15:01:19,743 INFO 2885 [egg-security] use nosniff middleware
2020-11-12 15:01:19,743 INFO 2885 [egg-security] use xssProtection middleware
2020-11-12 15:01:19,743 INFO 2885 [egg-security] use xframe middleware
2020-11-12 15:01:19,744 INFO 2885 [egg-security] use dta middleware
2020-11-12 15:01:19,744 INFO 2885 [egg-security] compose 7 middlewares into one security middleware
2020-11-12 15:01:19,753 INFO 2885 [egg:core] dump config after load, 4ms
2020-11-12 15:01:19,767 INFO 2885 [egg-watcher:application] watcher start success
2020-11-12 15:01:19,769 INFO 2885 [egg-mysql] instance[0] status OK, rds currentTime: Thu Nov 12 2020 15:01:19 GMT+0800 (中国标准时间)
2020-11-12 15:01:19,774 INFO 2885 [egg:core] dump config after ready, 4ms
