2020-11-11 15:23:03,019 ERROR 3669 [-/127.0.0.1/-/2ms GET /] nodejs.ReferenceError: app is not defined
    at HomeController.index (/Volumes/projects/restaurant-admin-service/app/controller/home.js:9:18)
    at Object.callFn (/Volumes/projects/restaurant-admin-service/node_modules/egg-core/lib/utils/index.js:44:21)
    at Object.classControllerMiddleware (/Volumes/projects/restaurant-admin-service/node_modules/egg-core/lib/loader/mixin/controller.js:87:20)
    at Object.callFn (/Volumes/projects/restaurant-admin-service/node_modules/@eggjs/router/lib/utils.js:12:21)
    at wrappedController (/Volumes/projects/restaurant-admin-service/node_modules/@eggjs/router/lib/egg_router.js:322:18)
    at dispatch (/Volumes/projects/restaurant-admin-service/node_modules/koa-compose/index.js:44:32)
    at next (/Volumes/projects/restaurant-admin-service/node_modules/koa-compose/index.js:45:18)
    at /Volumes/projects/restaurant-admin-service/node_modules/@eggjs/router/lib/router.js:190:18
    at dispatch (/Volumes/projects/restaurant-admin-service/node_modules/koa-compose/index.js:44:32)
    at /Volumes/projects/restaurant-admin-service/node_modules/koa-compose/index.js:36:12

pid: 3669
hostname: fanhongkaideMacBook-Pro.local

2020-11-11 15:23:50,419 ERROR 3676 [-/127.0.0.1/-/5ms GET /] nodejs.TypeError: Cannot read property 'get' of undefined
    at HomeController.index (/Volumes/projects/restaurant-admin-service/app/controller/home.js:9:34)
    at Object.callFn (/Volumes/projects/restaurant-admin-service/node_modules/egg-core/lib/utils/index.js:44:21)
    at Object.classControllerMiddleware (/Volumes/projects/restaurant-admin-service/node_modules/egg-core/lib/loader/mixin/controller.js:87:20)
    at Object.callFn (/Volumes/projects/restaurant-admin-service/node_modules/@eggjs/router/lib/utils.js:12:21)
    at wrappedController (/Volumes/projects/restaurant-admin-service/node_modules/@eggjs/router/lib/egg_router.js:322:18)
    at dispatch (/Volumes/projects/restaurant-admin-service/node_modules/koa-compose/index.js:44:32)
    at next (/Volumes/projects/restaurant-admin-service/node_modules/koa-compose/index.js:45:18)
    at /Volumes/projects/restaurant-admin-service/node_modules/@eggjs/router/lib/router.js:190:18
    at dispatch (/Volumes/projects/restaurant-admin-service/node_modules/koa-compose/index.js:44:32)
    at /Volumes/projects/restaurant-admin-service/node_modules/koa-compose/index.js:36:12

pid: 3676
hostname: fanhongkaideMacBook-Pro.local

2020-11-11 15:23:59,625 ERROR 3676 [-/127.0.0.1/-/1ms GET /] nodejs.TypeError: Cannot read property 'get' of undefined
    at HomeController.index (/Volumes/projects/restaurant-admin-service/app/controller/home.js:9:34)
    at Object.callFn (/Volumes/projects/restaurant-admin-service/node_modules/egg-core/lib/utils/index.js:44:21)
    at Object.classControllerMiddleware (/Volumes/projects/restaurant-admin-service/node_modules/egg-core/lib/loader/mixin/controller.js:87:20)
    at Object.callFn (/Volumes/projects/restaurant-admin-service/node_modules/@eggjs/router/lib/utils.js:12:21)
    at wrappedController (/Volumes/projects/restaurant-admin-service/node_modules/@eggjs/router/lib/egg_router.js:322:18)
    at dispatch (/Volumes/projects/restaurant-admin-service/node_modules/koa-compose/index.js:44:32)
    at next (/Volumes/projects/restaurant-admin-service/node_modules/koa-compose/index.js:45:18)
    at /Volumes/projects/restaurant-admin-service/node_modules/@eggjs/router/lib/router.js:190:18
    at dispatch (/Volumes/projects/restaurant-admin-service/node_modules/koa-compose/index.js:44:32)
    at /Volumes/projects/restaurant-admin-service/node_modules/koa-compose/index.js:36:12

pid: 3676
hostname: fanhongkaideMacBook-Pro.local

2020-11-11 16:14:46,486 ERROR 4011 [-/127.0.0.1/-/8ms GET /] nodejs.ReferenceError: app is not defined
    at UserService.queryInfoByUserId (/Volumes/projects/restaurant-admin-service/app/service/user.js:6:17)
    at HomeController.index (/Volumes/projects/restaurant-admin-service/app/controller/home.js:10:41)
    at Object.callFn (/Volumes/projects/restaurant-admin-service/node_modules/egg-core/lib/utils/index.js:44:21)
    at Object.classControllerMiddleware (/Volumes/projects/restaurant-admin-service/node_modules/egg-core/lib/loader/mixin/controller.js:87:20)
    at Object.callFn (/Volumes/projects/restaurant-admin-service/node_modules/@eggjs/router/lib/utils.js:12:21)
    at wrappedController (/Volumes/projects/restaurant-admin-service/node_modules/@eggjs/router/lib/egg_router.js:322:18)
    at dispatch (/Volumes/projects/restaurant-admin-service/node_modules/koa-compose/index.js:44:32)
    at next (/Volumes/projects/restaurant-admin-service/node_modules/koa-compose/index.js:45:18)
    at /Volumes/projects/restaurant-admin-service/node_modules/@eggjs/router/lib/router.js:190:18
    at dispatch (/Volumes/projects/restaurant-admin-service/node_modules/koa-compose/index.js:44:32)

pid: 4011
hostname: fanhongkaideMacBook-Pro.local

2020-11-11 16:24:04,566 ERROR 4055 [-/127.0.0.1/-/7ms GET /?uid=1] nodejs.ReferenceError: result is not defined
    at HomeController.index (/Volumes/projects/restaurant-admin-service/app/controller/home.js:10:5)
    at processTicksAndRejections (internal/process/task_queues.js:93:5)
    at async /Volumes/projects/restaurant-admin-service/node_modules/egg-development/app/middleware/egg_loader_trace.js:9:50
    at async xframe (/Volumes/projects/restaurant-admin-service/node_modules/egg-security/lib/middlewares/xframe.js:7:5)
    at async xssProtection (/Volumes/projects/restaurant-admin-service/node_modules/egg-security/lib/middlewares/xssProtection.js:7:5)
    at async nosniff (/Volumes/projects/restaurant-admin-service/node_modules/egg-security/lib/middlewares/nosniff.js:8:5)
    at async noopen (/Volumes/projects/restaurant-admin-service/node_modules/egg-security/lib/middlewares/noopen.js:8:5)
    at async session (/Volumes/projects/restaurant-admin-service/node_modules/koa-session/index.js:41:7)
    at async bodyParser (/Volumes/projects/restaurant-admin-service/node_modules/koa-bodyparser/index.js:95:5)
    at async /Volumes/projects/restaurant-admin-service/node_modules/koa-static-cache/index.js:41:56

pid: 4055
hostname: fanhongkaideMacBook-Pro.local

2020-11-11 16:43:51,771 ERROR 4102 [-/127.0.0.1/-/2ms GET /user] nodejs.TypeError: Cannot read property 'id' of null
    at tokenHandler (/Volumes/projects/restaurant-admin-service/app/middleware/tokenHandler.js:14:26)
    at dispatch (/Volumes/projects/restaurant-admin-service/node_modules/koa/node_modules/koa-compose/index.js:42:32)
    at /Volumes/projects/restaurant-admin-service/node_modules/egg-development/app/middleware/egg_loader_trace.js:9:56
    at dispatch (/Volumes/projects/restaurant-admin-service/node_modules/koa/node_modules/koa-compose/index.js:42:32)
    at i18n (/Volumes/projects/restaurant-admin-service/node_modules/egg-i18n/app/middleware/i18n.js:13:12)
    at dispatch (/Volumes/projects/restaurant-admin-service/node_modules/koa/node_modules/koa-compose/index.js:42:32)
    at dispatch (/Volumes/projects/restaurant-admin-service/node_modules/egg-security/node_modules/koa-compose/index.js:42:32)
    at dta (/Volumes/projects/restaurant-admin-service/node_modules/egg-security/lib/middlewares/dta.js:12:12)
    at dispatch (/Volumes/projects/restaurant-admin-service/node_modules/egg-security/node_modules/koa-compose/index.js:42:32)
    at xframe (/Volumes/projects/restaurant-admin-service/node_modules/egg-security/lib/middlewares/xframe.js:7:11)

pid: 4102
hostname: fanhongkaideMacBook-Pro.local

